This is LuaTeX, Version 1.0.4 (TeX Live 2017/Debian)  (format=lualatex 2020.2.7)  3 MAR 2020 14:37
 restricted system commands enabled.
**presentation.tex
(./presentation.tex
LaTeX2e <2017-04-15>
Lua module: luaotfload-main 2017/01/29 2.80001 OpenType layout system.
Lua module: lualibs 2017-02-01 2.5 ConTeXt Lua standard libraries.
Lua module: lualibs-extended 2017-02-01 2.5 ConTeXt Lua libraries -- extended co
llection.(using write cache: /home/suhas/.texlive2017/texmf-var/luatex-cache/gen
eric)(using read cache: /var/lib/texmf/luatex-cache/generic /home/suhas/.texlive
2017/texmf-var/luatex-cache/generic)
luaotfload | conf : Root cache directory is /home/suhas/.texlive2017/texmf-var/l
uatex-cache/generic/names.
luaotfload | init : Loading fontloader “fontloader-2017-02-11.lua” from kpse
-resolved path “/usr/share/texlive/texmf-dist/tex/luatex/luaotfload/fontloader
-2017-02-11.lua”.
Lua-only attribute luaotfload@state = 1
Lua-only attribute luaotfload@noligature = 2
Lua-only attribute luaotfload@syllabe = 3
luaotfload | init : Context OpenType loader version “3.027”
Inserting `luaotfload.node_processor' at position 1 in `pre_linebreak_filter'.
Inserting `luaotfload.node_processor' at position 1 in `hpack_filter'.
Inserting `luaotfload.define_font' at position 1 in `define_font'.
Lua-only attribute luaotfload_color_attribute = 4
luaotfload | conf : Root cache directory is /home/suhas/.texlive2017/texmf-var/l
uatex-cache/generic/names.
Inserting `luaotfload.aux.set_sscale_dimens' at position 1 in `luaotfload.patch_
font'.
Inserting `luaotfload.aux.patch_cambria_domh' at position 2 in `luaotfload.patch
_font'.
Inserting `luaotfload.aux.fixup_fontdata' at position 1 in `luaotfload.patch_fon
t_unsafe'.
Inserting `luaotfload.aux.set_capheight' at position 3 in `luaotfload.patch_font
'.
Inserting `luaotfload.rewrite_fontname' at position 4 in `luaotfload.patch_font'
.
luaotfload | main : initialization completed in 0.405 seconds
Babel <3.18> and hyphenation patterns for 1 language(s) loaded.
(/usr/share/texlive/texmf-dist/tex/latex/beamer/beamer.cls
Document Class: beamer 2018/02/20 v3.50 A class for typesetting presentations
(/usr/share/texlive/texmf-dist/tex/latex/beamer/beamerbasemodes.sty
(/usr/share/texlive/texmf-dist/tex/latex/etoolbox/etoolbox.sty
Package: etoolbox 2018/02/11 v2.5e e-TeX tools for LaTeX (JAW)
\etb@tempcnta=\count79
)
\beamer@tempbox=\box26
\beamer@tempcount=\count80
\c@beamerpauses=\count81

(/usr/share/texlive/texmf-dist/tex/latex/beamer/beamerbasedecode.sty
\beamer@slideinframe=\count82
\beamer@minimum=\count83
)
\beamer@commentbox=\box27
\beamer@modecount=\count84
)
(/usr/share/texlive/texmf-dist/tex/generic/oberdiek/ifpdf.sty
Package: ifpdf 2017/03/15 v3.2 Provides the ifpdf switch
)
\headdp=\dimen102
\footheight=\dimen103
\sidebarheight=\dimen104
\beamer@tempdim=\dimen105
\beamer@finalheight=\dimen106
\beamer@animht=\dimen107
\beamer@animdp=\dimen108
\beamer@animwd=\dimen109
\beamer@leftmargin=\dimen110
\beamer@rightmargin=\dimen111
\beamer@leftsidebar=\dimen112
\beamer@rightsidebar=\dimen113
\beamer@boxsize=\dimen114
\beamer@vboxoffset=\dimen115
\beamer@descdefault=\dimen116
\beamer@descriptionwidth=\dimen117
\beamer@lastskip=\skip41
\beamer@areabox=\box28
\beamer@animcurrent=\box29
\beamer@animshowbox=\box30
\beamer@sectionbox=\box31
\beamer@logobox=\box32
\beamer@linebox=\box33
\beamer@sectioncount=\count85
\beamer@subsubsectionmax=\count86
\beamer@subsectionmax=\count87
\beamer@sectionmax=\count88
\beamer@totalheads=\count89
\beamer@headcounter=\count90
\beamer@partstartpage=\count91
\beamer@sectionstartpage=\count92
\beamer@subsectionstartpage=\count93
\beamer@animationtempa=\count94
\beamer@animationtempb=\count95
\beamer@xpos=\count96
\beamer@ypos=\count97
\beamer@ypos@offset=\count98
\beamer@showpartnumber=\count99
\beamer@currentsubsection=\count100
\beamer@coveringdepth=\count101
\beamer@sectionadjust=\count102
\beamer@tocsectionnumber=\count103

(/usr/share/texlive/texmf-dist/tex/latex/beamer/beamerbaseoptions.sty
(/usr/share/texlive/texmf-dist/tex/latex/graphics/keyval.sty
Package: keyval 2014/10/28 v1.15 key=value parser (DPC)
\KV@toks@=\toks14
))
\beamer@paperwidth=\skip42
\beamer@paperheight=\skip43

(/usr/share/texlive/texmf-dist/tex/latex/geometry/geometry.sty
Package: geometry 2010/09/12 v5.6 Page Geometry

(/usr/share/texlive/texmf-dist/tex/generic/oberdiek/ifvtex.sty
Package: ifvtex 2016/05/16 v1.6 Detect VTeX and its facilities (HO)
Package ifvtex Info: VTeX not detected.
)
(/usr/share/texlive/texmf-dist/tex/generic/ifxetex/ifxetex.sty
Package: ifxetex 2010/09/12 v0.6 Provides ifxetex conditional
)
\Gm@cnth=\count104
\Gm@cntv=\count105
\c@Gm@tempcnt=\count106
\Gm@bindingoffset=\dimen118
\Gm@wd@mp=\dimen119
\Gm@odd@mp=\dimen120
\Gm@even@mp=\dimen121
\Gm@layoutwidth=\dimen122
\Gm@layoutheight=\dimen123
\Gm@layouthoffset=\dimen124
\Gm@layoutvoffset=\dimen125
\Gm@dimlist=\toks15
)
(/usr/share/texlive/texmf-dist/tex/latex/base/size11.clo
File: size11.clo 2014/09/29 v1.4h Standard LaTeX file (size option)
luaotfload | db : Font names database loaded from /home/suhas/.texlive2017/texmf
-var/luatex-cache/generic/names/luaotfload-names.luc(load luc: /home/suhas/.texl
ive2017/texmf-var/luatex-cache/generic/fonts/otl/lmroman10-regular.luc))
(/usr/share/texlive/texmf-dist/tex/latex/pgf/basiclayer/pgfcore.sty
(/usr/share/texlive/texmf-dist/tex/latex/graphics/graphicx.sty
Package: graphicx 2017/06/01 v1.1a Enhanced LaTeX Graphics (DPC,SPQR)

(/usr/share/texlive/texmf-dist/tex/latex/graphics/graphics.sty
Package: graphics 2017/06/25 v1.2c Standard LaTeX Graphics (DPC,SPQR)

(/usr/share/texlive/texmf-dist/tex/latex/graphics/trig.sty
Package: trig 2016/01/03 v1.10 sin cos tan (DPC)
)
(/usr/share/texlive/texmf-dist/tex/latex/graphics-cfg/graphics.cfg
File: graphics.cfg 2016/06/04 v1.11 sample graphics configuration
)
Package graphics Info: Driver file: luatex.def on input line 99.

(/usr/share/texlive/texmf-dist/tex/latex/graphics-def/luatex.def
File: luatex.def 2018/01/08 v1.0l Graphics/color driver for luatex
))
\Gin@req@height=\dimen126
\Gin@req@width=\dimen127
)
(/usr/share/texlive/texmf-dist/tex/latex/pgf/systemlayer/pgfsys.sty
(/usr/share/texlive/texmf-dist/tex/latex/pgf/utilities/pgfrcs.sty
(/usr/share/texlive/texmf-dist/tex/generic/pgf/utilities/pgfutil-common.tex
\pgfutil@everybye=\toks16
\pgfutil@tempdima=\dimen128
\pgfutil@tempdimb=\dimen129

(/usr/share/texlive/texmf-dist/tex/generic/pgf/utilities/pgfutil-common-lists.t
ex)) (/usr/share/texlive/texmf-dist/tex/generic/pgf/utilities/pgfutil-latex.def
\pgfutil@abb=\box34
(/usr/share/texlive/texmf-dist/tex/latex/ms/everyshi.sty
Package: everyshi 2001/05/15 v3.00 EveryShipout Package (MS)
))
(/usr/share/texlive/texmf-dist/tex/generic/pgf/utilities/pgfrcs.code.tex
Package: pgfrcs 2015/08/07 v3.0.1a (rcs-revision 1.31)
))
(/usr/share/texlive/texmf-dist/tex/generic/pgf/systemlayer/pgfsys.code.tex
Package: pgfsys 2014/07/09 v3.0.1a (rcs-revision 1.48)

(/usr/share/texlive/texmf-dist/tex/generic/pgf/utilities/pgfkeys.code.tex
\pgfkeys@pathtoks=\toks17
\pgfkeys@temptoks=\toks18

(/usr/share/texlive/texmf-dist/tex/generic/pgf/utilities/pgfkeysfiltered.code.t
ex
\pgfkeys@tmptoks=\toks19
))
\pgf@x=\dimen130
\pgf@y=\dimen131
\pgf@xa=\dimen132
\pgf@ya=\dimen133
\pgf@xb=\dimen134
\pgf@yb=\dimen135
\pgf@xc=\dimen136
\pgf@yc=\dimen137
\w@pgf@writea=\write3
\r@pgf@reada=\read1
\c@pgf@counta=\count107
\c@pgf@countb=\count108
\c@pgf@countc=\count109
\c@pgf@countd=\count110
\t@pgf@toka=\toks20
\t@pgf@tokb=\toks21
\t@pgf@tokc=\toks22
 (/usr/share/texlive/texmf-dist/tex/generic/pgf/systemlayer/pgf.cfg
File: pgf.cfg 2008/05/14  (rcs-revision 1.7)
)
Driver file for pgf: pgfsys-luatex.def

(/usr/share/texlive/texmf-dist/tex/generic/pgf/systemlayer/pgfsys-luatex.def
File: pgfsys-luatex.def 2014/10/11  (rcs-revision 1.35)

(/usr/share/texlive/texmf-dist/tex/generic/pgf/systemlayer/pgfsys-common-pdf.de
f
File: pgfsys-common-pdf.def 2013/10/10  (rcs-revision 1.13)
)))
(/usr/share/texlive/texmf-dist/tex/generic/pgf/systemlayer/pgfsyssoftpath.code.
tex
File: pgfsyssoftpath.code.tex 2013/09/09  (rcs-revision 1.9)
\pgfsyssoftpath@smallbuffer@items=\count111
\pgfsyssoftpath@bigbuffer@items=\count112
)
(/usr/share/texlive/texmf-dist/tex/generic/pgf/systemlayer/pgfsysprotocol.code.
tex
File: pgfsysprotocol.code.tex 2006/10/16  (rcs-revision 1.4)
)) (/usr/share/texlive/texmf-dist/tex/latex/xcolor/xcolor.sty
Package: xcolor 2016/05/11 v2.12 LaTeX color extensions (UK)

(/usr/share/texlive/texmf-dist/tex/latex/graphics-cfg/color.cfg
File: color.cfg 2016/01/02 v1.6 sample color configuration
)
Package xcolor Info: Driver file: luatex.def on input line 225.
Package xcolor Info: Model `cmy' substituted by `cmy0' on input line 1348.
Package xcolor Info: Model `hsb' substituted by `rgb' on input line 1352.
Package xcolor Info: Model `RGB' extended on input line 1364.
Package xcolor Info: Model `HTML' substituted by `rgb' on input line 1366.
Package xcolor Info: Model `Hsb' substituted by `hsb' on input line 1367.
Package xcolor Info: Model `tHsb' substituted by `hsb' on input line 1368.
Package xcolor Info: Model `HSB' substituted by `hsb' on input line 1369.
Package xcolor Info: Model `Gray' substituted by `gray' on input line 1370.
Package xcolor Info: Model `wave' substituted by `hsb' on input line 1371.
)
(/usr/share/texlive/texmf-dist/tex/generic/pgf/basiclayer/pgfcore.code.tex
Package: pgfcore 2010/04/11 v3.0.1a (rcs-revision 1.7)

(/usr/share/texlive/texmf-dist/tex/generic/pgf/math/pgfmath.code.tex
(/usr/share/texlive/texmf-dist/tex/generic/pgf/math/pgfmathcalc.code.tex
(/usr/share/texlive/texmf-dist/tex/generic/pgf/math/pgfmathutil.code.tex)
(/usr/share/texlive/texmf-dist/tex/generic/pgf/math/pgfmathparser.code.tex
\pgfmath@dimen=\dimen138
\pgfmath@count=\count113
\pgfmath@box=\box35
\pgfmath@toks=\toks23
\pgfmath@stack@operand=\toks24
\pgfmath@stack@operation=\toks25
)
(/usr/share/texlive/texmf-dist/tex/generic/pgf/math/pgfmathfunctions.code.tex
(/usr/share/texlive/texmf-dist/tex/generic/pgf/math/pgfmathfunctions.basic.code
.tex)
(/usr/share/texlive/texmf-dist/tex/generic/pgf/math/pgfmathfunctions.trigonomet
ric.code.tex)
(/usr/share/texlive/texmf-dist/tex/generic/pgf/math/pgfmathfunctions.random.cod
e.tex)
(/usr/share/texlive/texmf-dist/tex/generic/pgf/math/pgfmathfunctions.comparison
.code.tex)
(/usr/share/texlive/texmf-dist/tex/generic/pgf/math/pgfmathfunctions.base.code.
tex)
(/usr/share/texlive/texmf-dist/tex/generic/pgf/math/pgfmathfunctions.round.code
.tex)
(/usr/share/texlive/texmf-dist/tex/generic/pgf/math/pgfmathfunctions.misc.code.
tex)
(/usr/share/texlive/texmf-dist/tex/generic/pgf/math/pgfmathfunctions.integerari
thmetics.code.tex)))
(/usr/share/texlive/texmf-dist/tex/generic/pgf/math/pgfmathfloat.code.tex
\c@pgfmathroundto@lastzeros=\count114
))
(/usr/share/texlive/texmf-dist/tex/generic/pgf/basiclayer/pgfcorepoints.code.te
x
File: pgfcorepoints.code.tex 2013/10/07  (rcs-revision 1.27)
\pgf@picminx=\dimen139
\pgf@picmaxx=\dimen140
\pgf@picminy=\dimen141
\pgf@picmaxy=\dimen142
\pgf@pathminx=\dimen143
\pgf@pathmaxx=\dimen144
\pgf@pathminy=\dimen145
\pgf@pathmaxy=\dimen146
\pgf@xx=\dimen147
\pgf@xy=\dimen148
\pgf@yx=\dimen149
\pgf@yy=\dimen150
\pgf@zx=\dimen151
\pgf@zy=\dimen152
)
(/usr/share/texlive/texmf-dist/tex/generic/pgf/basiclayer/pgfcorepathconstruct.
code.tex
File: pgfcorepathconstruct.code.tex 2013/10/07  (rcs-revision 1.29)
\pgf@path@lastx=\dimen153
\pgf@path@lasty=\dimen154
)
(/usr/share/texlive/texmf-dist/tex/generic/pgf/basiclayer/pgfcorepathusage.code
.tex
File: pgfcorepathusage.code.tex 2014/11/02  (rcs-revision 1.24)
\pgf@shorten@end@additional=\dimen155
\pgf@shorten@start@additional=\dimen156
)
(/usr/share/texlive/texmf-dist/tex/generic/pgf/basiclayer/pgfcorescopes.code.te
x
File: pgfcorescopes.code.tex 2015/05/08  (rcs-revision 1.46)
\pgfpic=\box36
\pgf@hbox=\box37
\pgf@layerbox@main=\box38
\pgf@picture@serial@count=\count115
)
(/usr/share/texlive/texmf-dist/tex/generic/pgf/basiclayer/pgfcoregraphicstate.c
ode.tex
File: pgfcoregraphicstate.code.tex 2014/11/02  (rcs-revision 1.12)
\pgflinewidth=\dimen157
)
(/usr/share/texlive/texmf-dist/tex/generic/pgf/basiclayer/pgfcoretransformation
s.code.tex
File: pgfcoretransformations.code.tex 2015/08/07  (rcs-revision 1.20)
\pgf@pt@x=\dimen158
\pgf@pt@y=\dimen159
\pgf@pt@temp=\dimen160
)
(/usr/share/texlive/texmf-dist/tex/generic/pgf/basiclayer/pgfcorequick.code.tex
File: pgfcorequick.code.tex 2008/10/09  (rcs-revision 1.3)
)
(/usr/share/texlive/texmf-dist/tex/generic/pgf/basiclayer/pgfcoreobjects.code.t
ex
File: pgfcoreobjects.code.tex 2006/10/11  (rcs-revision 1.2)
)
(/usr/share/texlive/texmf-dist/tex/generic/pgf/basiclayer/pgfcorepathprocessing
.code.tex
File: pgfcorepathprocessing.code.tex 2013/09/09  (rcs-revision 1.9)
)
(/usr/share/texlive/texmf-dist/tex/generic/pgf/basiclayer/pgfcorearrows.code.te
x
File: pgfcorearrows.code.tex 2015/05/14  (rcs-revision 1.43)
\pgfarrowsep=\dimen161
)
(/usr/share/texlive/texmf-dist/tex/generic/pgf/basiclayer/pgfcoreshade.code.tex
File: pgfcoreshade.code.tex 2013/07/15  (rcs-revision 1.15)
\pgf@max=\dimen162
\pgf@sys@shading@range@num=\count116
)
(/usr/share/texlive/texmf-dist/tex/generic/pgf/basiclayer/pgfcoreimage.code.tex
File: pgfcoreimage.code.tex 2013/07/15  (rcs-revision 1.18)

(/usr/share/texlive/texmf-dist/tex/generic/pgf/basiclayer/pgfcoreexternal.code.
tex
File: pgfcoreexternal.code.tex 2014/07/09  (rcs-revision 1.21)
\pgfexternal@startupbox=\box39
))
(/usr/share/texlive/texmf-dist/tex/generic/pgf/basiclayer/pgfcorelayers.code.te
x
File: pgfcorelayers.code.tex 2013/07/18  (rcs-revision 1.7)
)
(/usr/share/texlive/texmf-dist/tex/generic/pgf/basiclayer/pgfcoretransparency.c
ode.tex
File: pgfcoretransparency.code.tex 2013/09/30  (rcs-revision 1.5)
)
(/usr/share/texlive/texmf-dist/tex/generic/pgf/basiclayer/pgfcorepatterns.code.
tex
File: pgfcorepatterns.code.tex 2013/11/07  (rcs-revision 1.5)
))) (/usr/share/texlive/texmf-dist/tex/latex/pgf/utilities/xxcolor.sty
Package: xxcolor 2003/10/24 ver 0.1
\XC@nummixins=\count117
\XC@countmixins=\count118
)
(/usr/share/texlive/texmf-dist/tex/generic/oberdiek/atbegshi.sty
Package: atbegshi 2016/06/09 v1.18 At begin shipout hook (HO)

(/usr/share/texlive/texmf-dist/tex/generic/oberdiek/infwarerr.sty
Package: infwarerr 2016/05/16 v1.4 Providing info/warning/error messages (HO)
)
(/usr/share/texlive/texmf-dist/tex/generic/oberdiek/ltxcmds.sty
Package: ltxcmds 2016/05/16 v1.23 LaTeX kernel commands for general use (HO)
))
(/usr/share/texlive/texmf-dist/tex/latex/hyperref/hyperref.sty
Package: hyperref 2018/02/06 v6.86b Hypertext links for LaTeX

(/usr/share/texlive/texmf-dist/tex/generic/oberdiek/hobsub-hyperref.sty
Package: hobsub-hyperref 2016/05/16 v1.14 Bundle oberdiek, subset hyperref (HO)

(/usr/share/texlive/texmf-dist/tex/generic/oberdiek/hobsub-generic.sty
Package: hobsub-generic 2016/05/16 v1.14 Bundle oberdiek, subset generic (HO)
Package: hobsub 2016/05/16 v1.14 Construct package bundles (HO)
Package hobsub Info: Skipping package `infwarerr' (already loaded).
Package hobsub Info: Skipping package `ltxcmds' (already loaded).
Package: ifluatex 2016/05/16 v1.4 Provides the ifluatex switch (HO)
Package ifluatex Info: LuaTeX detected.
Package hobsub Info: Skipping package `ifvtex' (already loaded).
Package: intcalc 2016/05/16 v1.2 Expandable calculations with integers (HO)
Package hobsub Info: Skipping package `ifpdf' (already loaded).
Package: etexcmds 2016/05/16 v1.6 Avoid name clashes with e-TeX commands (HO)
Package: kvsetkeys 2016/05/16 v1.17 Key value parser (HO)
Package: kvdefinekeys 2016/05/16 v1.4 Define keys (HO)
Package: luatex-loader 2016/05/16 v0.6 Lua module loader (HO)

(/usr/share/texlive/texmf-dist/scripts/oberdiek/oberdiek.luatex.lua)
Package: pdftexcmds 2018/01/21 v0.26 Utility functions of pdfTeX for LuaTeX (HO)

Package pdftexcmds Info: \pdf@primitive is available.
Package pdftexcmds Info: \pdf@ifprimitive is available.
Package pdftexcmds Info: \pdfdraftmode found.
\pdftexcmds@toks=\toks26
Package: pdfescape 2016/05/16 v1.14 Implements pdfTeX's escape features (HO)
Package: bigintcalc 2016/05/16 v1.4 Expandable calculations on big integers (HO)

Package: bitset 2016/05/16 v1.2 Handle bit-vector datatype (HO)
Package: uniquecounter 2016/05/16 v1.3 Provide unlimited unique counter (HO)
)
Package hobsub Info: Skipping package `hobsub' (already loaded).
Package: letltxmacro 2016/05/16 v1.5 Let assignment for LaTeX macros (HO)
Package: hopatch 2016/05/16 v1.3 Wrapper for package hooks (HO)
Package: xcolor-patch 2016/05/16 xcolor patch
Package: atveryend 2016/05/16 v1.9 Hooks at the very end of document (HO)
Package hobsub Info: Skipping package `atbegshi' (already loaded).
Package: refcount 2016/05/16 v3.5 Data extraction from label references (HO)
Package: hycolor 2016/05/16 v1.8 Color options for hyperref/bookmark (HO)
)
(/usr/share/texlive/texmf-dist/tex/latex/oberdiek/auxhook.sty
Package: auxhook 2016/05/16 v1.4 Hooks for auxiliary files (HO)
)
(/usr/share/texlive/texmf-dist/tex/latex/oberdiek/kvoptions.sty
Package: kvoptions 2016/05/16 v3.12 Key value format for package options (HO)
)
\@linkdim=\dimen163
\Hy@linkcounter=\count119
\Hy@pagecounter=\count120

(/usr/share/texlive/texmf-dist/tex/latex/hyperref/pd1enc.def
File: pd1enc.def 2018/02/06 v6.86b Hyperref: PDFDocEncoding definition (HO)
)
\Hy@SavedSpaceFactor=\count121

(/usr/share/texlive/texmf-dist/tex/latex/latexconfig/hyperref.cfg
File: hyperref.cfg 2002/06/06 v1.2 hyperref configuration of TeXLive
)
Package hyperref Info: Option `bookmarks' set `true' on input line 4383.
Package hyperref Info: Option `bookmarksopen' set `true' on input line 4383.
Package hyperref Info: Option `implicit' set `false' on input line 4383.
Package hyperref Info: Hyper figures OFF on input line 4509.
Package hyperref Info: Link nesting OFF on input line 4514.
Package hyperref Info: Hyper index ON on input line 4517.
Package hyperref Info: Plain pages OFF on input line 4524.
Package hyperref Info: Backreferencing OFF on input line 4529.
Package hyperref Info: Implicit mode OFF; no redefinition of LaTeX internals.
Package hyperref Info: Bookmarks ON on input line 4762.
\c@Hy@tempcnt=\count122

(/usr/share/texlive/texmf-dist/tex/latex/url/url.sty
\Urlmuskip=\muskip10
Package: url 2013/09/16  ver 3.4  Verb mode for urls, etc.
)
LaTeX Info: Redefining \url on input line 5115.
\XeTeXLinkMargin=\dimen164
\Fld@menulength=\count123
\Field@Width=\dimen165
\Fld@charsize=\dimen166
Package hyperref Info: Hyper figures OFF on input line 6369.
Package hyperref Info: Link nesting OFF on input line 6374.
Package hyperref Info: Hyper index ON on input line 6377.
Package hyperref Info: backreferencing OFF on input line 6384.
Package hyperref Info: Link coloring OFF on input line 6389.
Package hyperref Info: Link coloring with OCG OFF on input line 6394.
Package hyperref Info: PDF/A mode OFF on input line 6399.
LaTeX Info: Redefining \ref on input line 6439.
LaTeX Info: Redefining \pageref on input line 6443.
\Hy@abspage=\count124


Package hyperref Message: Stopped early.

)
Package hyperref Info: Driver (autodetected): hluatex.
 (/usr/share/texlive/texmf-dist/tex/latex/hyperref/hluatex.def
File: hluatex.def 2018/02/06 v6.86b Hyperref driver for luaTeX
\Fld@listcount=\count125
\c@bookmark@seq@number=\count126

(/usr/share/texlive/texmf-dist/tex/latex/oberdiek/rerunfilecheck.sty
Package: rerunfilecheck 2016/05/16 v1.8 Rerun checks for auxiliary files (HO)
Package uniquecounter Info: New unique counter `rerunfilecheck' on input line 28
2.
))
(/usr/share/texlive/texmf-dist/tex/latex/beamer/beamerbaserequires.sty
(/usr/share/texlive/texmf-dist/tex/latex/beamer/beamerbasecompatibility.sty)
(/usr/share/texlive/texmf-dist/tex/latex/beamer/beamerbasefont.sty
(/usr/share/texlive/texmf-dist/tex/latex/amsfonts/amssymb.sty
Package: amssymb 2013/01/14 v3.01 AMS font symbols

(/usr/share/texlive/texmf-dist/tex/latex/amsfonts/amsfonts.sty
Package: amsfonts 2013/01/14 v3.01 Basic AMSFonts support
\@emptytoks=\toks27
\symAMSa=\mathgroup4
\symAMSb=\mathgroup5
LaTeX Font Info:    Overwriting math alphabet `\mathfrak' in version `bold'
(Font)                  U/euf/m/n --> U/euf/b/n on input line 106.
))
(/usr/share/texlive/texmf-dist/tex/latex/sansmathaccent/sansmathaccent.sty
Package: sansmathaccent 2013/03/28

(/usr/share/texlive/texmf-dist/tex/latex/filehook/filehook.sty
Package: filehook 2011/10/12 v0.5d Hooks for input files
)))
(/usr/share/texlive/texmf-dist/tex/latex/beamer/beamerbasetranslator.sty
(/usr/share/texlive/texmf-dist/tex/latex/translator/translator.sty
Package: translator 2018/01/04 v1.12 Easy translation of strings in LaTeX
))
(/usr/share/texlive/texmf-dist/tex/latex/beamer/beamerbasemisc.sty)
(/usr/share/texlive/texmf-dist/tex/latex/beamer/beamerbasetwoscreens.sty)
(/usr/share/texlive/texmf-dist/tex/latex/beamer/beamerbaseoverlay.sty
\beamer@argscount=\count127
\beamer@lastskipcover=\skip44
\beamer@trivlistdepth=\count128
)
(/usr/share/texlive/texmf-dist/tex/latex/beamer/beamerbasetitle.sty)
(/usr/share/texlive/texmf-dist/tex/latex/beamer/beamerbasesection.sty
\c@lecture=\count129
\c@part=\count130
\c@section=\count131
\c@subsection=\count132
\c@subsubsection=\count133
)
(/usr/share/texlive/texmf-dist/tex/latex/beamer/beamerbaseframe.sty
\beamer@framebox=\box40
\beamer@frametitlebox=\box41
\beamer@zoombox=\box42
\beamer@zoomcount=\count134
\beamer@zoomframecount=\count135
\beamer@frametextheight=\dimen167
\c@subsectionslide=\count136
\beamer@frametopskip=\skip45
\beamer@framebottomskip=\skip46
\beamer@frametopskipautobreak=\skip47
\beamer@framebottomskipautobreak=\skip48
\beamer@envbody=\toks28
\framewidth=\dimen168
\c@framenumber=\count137
)
(/usr/share/texlive/texmf-dist/tex/latex/beamer/beamerbaseverbatim.sty
\beamer@verbatimfileout=\write4
)
(/usr/share/texlive/texmf-dist/tex/latex/beamer/beamerbaseframesize.sty
\beamer@splitbox=\box43
\beamer@autobreakcount=\count138
\beamer@autobreaklastheight=\dimen169
\beamer@frametitletoks=\toks29
\beamer@framesubtitletoks=\toks30
)
(/usr/share/texlive/texmf-dist/tex/latex/beamer/beamerbaseframecomponents.sty
\beamer@footins=\box44
)
(/usr/share/texlive/texmf-dist/tex/latex/beamer/beamerbasecolor.sty
\beamer@bg@ht=\dimen170
\beamer@bg@wd=\dimen171
\beamer@bg@dp=\dimen172
)
(/usr/share/texlive/texmf-dist/tex/latex/beamer/beamerbasenotes.sty
\beamer@frameboxcopy=\box45
)
(/usr/share/texlive/texmf-dist/tex/latex/beamer/beamerbasetoc.sty)
(/usr/share/texlive/texmf-dist/tex/latex/beamer/beamerbasetemplates.sty
\beamer@sbttoks=\toks31

(/usr/share/texlive/texmf-dist/tex/latex/beamer/beamerbaseauxtemplates.sty
(/usr/share/texlive/texmf-dist/tex/latex/beamer/beamerbaseboxes.sty
\bmb@box=\box46
\bmb@colorbox=\box47
\bmb@boxshadow=\box48
\bmb@boxshadowball=\box49
\bmb@boxshadowballlarge=\box50
\bmb@temp=\dimen173
\bmb@dima=\dimen174
\bmb@dimb=\dimen175
\bmb@prevheight=\dimen176
)
\beamer@blockheadheight=\dimen177
))
(/usr/share/texlive/texmf-dist/tex/latex/beamer/beamerbaselocalstructure.sty
(/usr/share/texlive/texmf-dist/tex/latex/tools/enumerate.sty
Package: enumerate 2015/07/23 v3.00 enumerate extensions (DPC)
\@enLab=\toks32
)
\c@figure=\count139
\c@table=\count140
\abovecaptionskip=\skip49
\belowcaptionskip=\skip50
)
(/usr/share/texlive/texmf-dist/tex/latex/beamer/beamerbasenavigation.sty
\beamer@section@min@dim=\dimen178
)
(/usr/share/texlive/texmf-dist/tex/latex/beamer/beamerbasetheorems.sty
(/usr/share/texlive/texmf-dist/tex/latex/amsmath/amsmath.sty
Package: amsmath 2017/09/02 v2.17a AMS math features
\@mathmargin=\skip51

For additional information on amsmath, use the `?' option.
(/usr/share/texlive/texmf-dist/tex/latex/amsmath/amstext.sty
Package: amstext 2000/06/29 v2.01 AMS text

(/usr/share/texlive/texmf-dist/tex/latex/amsmath/amsgen.sty
File: amsgen.sty 1999/11/30 v2.0 generic functions
\@emptytoks=\toks33
\ex@=\dimen179
))
(/usr/share/texlive/texmf-dist/tex/latex/amsmath/amsbsy.sty
Package: amsbsy 1999/11/29 v1.2d Bold Symbols
\pmbraise@=\dimen180
)
(/usr/share/texlive/texmf-dist/tex/latex/amsmath/amsopn.sty
Package: amsopn 2016/03/08 v2.02 operator names
)
\inf@bad=\count141
LaTeX Info: Redefining \frac on input line 213.
\uproot@=\count142
\leftroot@=\count143
LaTeX Info: Redefining \overline on input line 375.
\classnum@=\count144
\DOTSCASE@=\count145
LaTeX Info: Redefining \ldots on input line 472.
LaTeX Info: Redefining \dots on input line 475.
LaTeX Info: Redefining \cdots on input line 596.
\Mathstrutbox@=\box51
\strutbox@=\box52
\big@size=\dimen181
LaTeX Font Info:    Redeclaring font encoding OML on input line 712.
LaTeX Font Info:    Redeclaring font encoding OMS on input line 713.
\macc@depth=\count146
\c@MaxMatrixCols=\count147
\dotsspace@=\muskip11
\c@parentequation=\count148
\dspbrk@lvl=\count149
\tag@help=\toks34
\row@=\count150
\column@=\count151
\maxfields@=\count152
\andhelp@=\toks35
\eqnshift@=\dimen182
\alignsep@=\dimen183
\tagshift@=\dimen184
\tagwidth@=\dimen185
\totwidth@=\dimen186
\lineht@=\dimen187
\@envbody=\toks36
\multlinegap=\skip52
\multlinetaggap=\skip53
\mathdisplay@stack=\toks37
LaTeX Info: Redefining \[ on input line 2817.
LaTeX Info: Redefining \] on input line 2818.
)
(/usr/share/texlive/texmf-dist/tex/latex/amscls/amsthm.sty
Package: amsthm 2017/10/31 v2.20.4
\thm@style=\toks38
\thm@bodyfont=\toks39
\thm@headfont=\toks40
\thm@notefont=\toks41
\thm@headpunct=\toks42
\thm@preskip=\skip54
\thm@postskip=\skip55
\thm@headsep=\skip56
\dth@everypar=\toks43
)
\c@theorem=\count153
)
(/usr/share/texlive/texmf-dist/tex/latex/beamer/beamerbasethemes.sty))(load luc:
 /home/suhas/.texlive2017/texmf-var/luatex-cache/generic/fonts/otl/lmsans10-regu
lar.luc)
(/usr/share/texlive/texmf-dist/tex/latex/beamer/beamerthemedefault.sty
(/usr/share/texlive/texmf-dist/tex/latex/beamer/beamerfontthemedefault.sty)
(/usr/share/texlive/texmf-dist/tex/latex/beamer/beamercolorthemedefault.sty)
(/usr/share/texlive/texmf-dist/tex/latex/beamer/beamerinnerthemedefault.sty
\beamer@dima=\dimen188
\beamer@dimb=\dimen189
)
(/usr/share/texlive/texmf-dist/tex/latex/beamer/beamerouterthemedefault.sty)))
(/usr/share/texlive/texmf-dist/tex/latex/fira/FiraSans.sty
Package: FiraSans 2018/01/09 (Bob Tennent and autoinst) Style file for Fira Sans
 fonts.

(/usr/share/texlive/texmf-dist/tex/latex/xkeyval/xkeyval.sty
Package: xkeyval 2014/12/03 v2.7a package option processing (HA)

(/usr/share/texlive/texmf-dist/tex/generic/xkeyval/xkeyval.tex
(/usr/share/texlive/texmf-dist/tex/generic/xkeyval/xkvutils.tex
\XKV@toks=\toks44
\XKV@tempa@toks=\toks45
)
\XKV@depth=\count154
File: xkeyval.tex 2014/12/03 v2.7a key=value parser (HA)
))
(/usr/share/texlive/texmf-dist/tex/latex/base/textcomp.sty
Package: textcomp 2017/04/05 v2.0i Standard LaTeX package
Package textcomp Info: Sub-encoding information:
(textcomp)               5 = only ISO-Adobe without \textcurrency
(textcomp)               4 = 5 + \texteuro
(textcomp)               3 = 4 + \textohm
(textcomp)               2 = 3 + \textestimated + \textcurrency
(textcomp)               1 = TS1 - \textcircled - \t
(textcomp)               0 = TS1 (full)
(textcomp)             Font families with sub-encoding setting implement
(textcomp)             only a restricted character set as indicated.
(textcomp)             Family '?' is the default used for unknown fonts.
(textcomp)             See the documentation for details.
Package textcomp Info: Setting ? sub-encoding to TS1/1 on input line 79.

(/usr/share/texlive/texmf-dist/tex/latex/base/ts1enc.def
File: ts1enc.def 2001/06/05 v3.0e (jk/car/fm) Standard LaTeX file
)
LaTeX Info: Redefining \oldstylenums on input line 334.
Package textcomp Info: Setting cmr sub-encoding to TS1/0 on input line 349.
Package textcomp Info: Setting cmss sub-encoding to TS1/0 on input line 350.
Package textcomp Info: Setting cmtt sub-encoding to TS1/0 on input line 351.
Package textcomp Info: Setting cmvtt sub-encoding to TS1/0 on input line 352.
Package textcomp Info: Setting cmbr sub-encoding to TS1/0 on input line 353.
Package textcomp Info: Setting cmtl sub-encoding to TS1/0 on input line 354.
Package textcomp Info: Setting ccr sub-encoding to TS1/0 on input line 355.
Package textcomp Info: Setting ptm sub-encoding to TS1/4 on input line 356.
Package textcomp Info: Setting pcr sub-encoding to TS1/4 on input line 357.
Package textcomp Info: Setting phv sub-encoding to TS1/4 on input line 358.
Package textcomp Info: Setting ppl sub-encoding to TS1/3 on input line 359.
Package textcomp Info: Setting pag sub-encoding to TS1/4 on input line 360.
Package textcomp Info: Setting pbk sub-encoding to TS1/4 on input line 361.
Package textcomp Info: Setting pnc sub-encoding to TS1/4 on input line 362.
Package textcomp Info: Setting pzc sub-encoding to TS1/4 on input line 363.
Package textcomp Info: Setting bch sub-encoding to TS1/4 on input line 364.
Package textcomp Info: Setting put sub-encoding to TS1/5 on input line 365.
Package textcomp Info: Setting uag sub-encoding to TS1/5 on input line 366.
Package textcomp Info: Setting ugq sub-encoding to TS1/5 on input line 367.
Package textcomp Info: Setting ul8 sub-encoding to TS1/4 on input line 368.
Package textcomp Info: Setting ul9 sub-encoding to TS1/4 on input line 369.
Package textcomp Info: Setting augie sub-encoding to TS1/5 on input line 370.
Package textcomp Info: Setting dayrom sub-encoding to TS1/3 on input line 371.
Package textcomp Info: Setting dayroms sub-encoding to TS1/3 on input line 372.
Package textcomp Info: Setting pxr sub-encoding to TS1/0 on input line 373.
Package textcomp Info: Setting pxss sub-encoding to TS1/0 on input line 374.
Package textcomp Info: Setting pxtt sub-encoding to TS1/0 on input line 375.
Package textcomp Info: Setting txr sub-encoding to TS1/0 on input line 376.
Package textcomp Info: Setting txss sub-encoding to TS1/0 on input line 377.
Package textcomp Info: Setting txtt sub-encoding to TS1/0 on input line 378.
Package textcomp Info: Setting lmr sub-encoding to TS1/0 on input line 379.
Package textcomp Info: Setting lmdh sub-encoding to TS1/0 on input line 380.
Package textcomp Info: Setting lmss sub-encoding to TS1/0 on input line 381.
Package textcomp Info: Setting lmssq sub-encoding to TS1/0 on input line 382.
Package textcomp Info: Setting lmvtt sub-encoding to TS1/0 on input line 383.
Package textcomp Info: Setting lmtt sub-encoding to TS1/0 on input line 384.
Package textcomp Info: Setting qhv sub-encoding to TS1/0 on input line 385.
Package textcomp Info: Setting qag sub-encoding to TS1/0 on input line 386.
Package textcomp Info: Setting qbk sub-encoding to TS1/0 on input line 387.
Package textcomp Info: Setting qcr sub-encoding to TS1/0 on input line 388.
Package textcomp Info: Setting qcs sub-encoding to TS1/0 on input line 389.
Package textcomp Info: Setting qpl sub-encoding to TS1/0 on input line 390.
Package textcomp Info: Setting qtm sub-encoding to TS1/0 on input line 391.
Package textcomp Info: Setting qzc sub-encoding to TS1/0 on input line 392.
Package textcomp Info: Setting qhvc sub-encoding to TS1/0 on input line 393.
Package textcomp Info: Setting futs sub-encoding to TS1/4 on input line 394.
Package textcomp Info: Setting futx sub-encoding to TS1/4 on input line 395.
Package textcomp Info: Setting futj sub-encoding to TS1/4 on input line 396.
Package textcomp Info: Setting hlh sub-encoding to TS1/3 on input line 397.
Package textcomp Info: Setting hls sub-encoding to TS1/3 on input line 398.
Package textcomp Info: Setting hlst sub-encoding to TS1/3 on input line 399.
Package textcomp Info: Setting hlct sub-encoding to TS1/5 on input line 400.
Package textcomp Info: Setting hlx sub-encoding to TS1/5 on input line 401.
Package textcomp Info: Setting hlce sub-encoding to TS1/5 on input line 402.
Package textcomp Info: Setting hlcn sub-encoding to TS1/5 on input line 403.
Package textcomp Info: Setting hlcw sub-encoding to TS1/5 on input line 404.
Package textcomp Info: Setting hlcf sub-encoding to TS1/5 on input line 405.
Package textcomp Info: Setting pplx sub-encoding to TS1/3 on input line 406.
Package textcomp Info: Setting pplj sub-encoding to TS1/3 on input line 407.
Package textcomp Info: Setting ptmx sub-encoding to TS1/4 on input line 408.
Package textcomp Info: Setting ptmj sub-encoding to TS1/4 on input line 409.
)
(/usr/share/texlive/texmf-dist/tex/latex/fontspec/fontspec.sty
(/usr/share/texlive/texmf-dist/tex/latex/l3packages/xparse/xparse.sty
(/usr/share/texlive/texmf-dist/tex/latex/l3kernel/expl3.sty
Package: expl3 2018/02/21 L3 programming layer (loader) 

(/usr/share/texlive/texmf-dist/tex/latex/l3kernel/expl3-code.tex
Package: expl3 2018/02/21 L3 programming layer (code)
\ucharcat@table=\catcodetable5
\c_max_int=\count155
\l_tmpa_int=\count156
\l_tmpb_int=\count157
\g_tmpa_int=\count158
\g_tmpb_int=\count159
\g__intarray_font_int=\count160
\g__prg_map_int=\count161
\c_log_iow=\count162
\l_iow_line_count_int=\count163
\l__iow_line_target_int=\count164
\l__iow_one_indent_int=\count165
\l__iow_indent_int=\count166
\c_zero_dim=\dimen190
\c_max_dim=\dimen191
\l_tmpa_dim=\dimen192
\l_tmpb_dim=\dimen193
\g_tmpa_dim=\dimen194
\g_tmpb_dim=\dimen195
\c_zero_skip=\skip57
\c_max_skip=\skip58
\l_tmpa_skip=\skip59
\l_tmpb_skip=\skip60
\g_tmpa_skip=\skip61
\g_tmpb_skip=\skip62
\c_zero_muskip=\muskip12
\c_max_muskip=\muskip13
\l_tmpa_muskip=\muskip14
\l_tmpb_muskip=\muskip15
\g_tmpa_muskip=\muskip16
\g_tmpb_muskip=\muskip17
\l_keys_choice_int=\count167
\c__fp_leading_shift_int=\count168
\c__fp_middle_shift_int=\count169
\c__fp_trailing_shift_int=\count170
\c__fp_big_leading_shift_int=\count171
\c__fp_big_middle_shift_int=\count172
\c__fp_big_trailing_shift_int=\count173
\c__fp_Bigg_leading_shift_int=\count174
\c__fp_Bigg_middle_shift_int=\count175
\c__fp_Bigg_trailing_shift_int=\count176
\c__fp_rand_size_int=\count177
\c__fp_rand_four_int=\count178
\c__fp_rand_eight_int=\count179
\l__sort_length_int=\count180
\l__sort_min_int=\count181
\l__sort_top_int=\count182
\l__sort_max_int=\count183
\l__sort_true_max_int=\count184
\l__sort_block_int=\count185
\l__sort_begin_int=\count186
\l__sort_end_int=\count187
\l__sort_A_int=\count188
\l__sort_B_int=\count189
\l__sort_C_int=\count190
\l__tl_build_start_index_int=\count191
\l__tl_build_index_int=\count192
\l__tl_analysis_normal_int=\count193
\l__tl_analysis_index_int=\count194
\l__tl_analysis_nesting_int=\count195
\l__tl_analysis_type_int=\count196
\l__regex_internal_a_int=\count197
\l__regex_internal_b_int=\count198
\l__regex_internal_c_int=\count199
\l__regex_balance_int=\count266
\l__regex_group_level_int=\count267
\l__regex_mode_int=\count268
\c__regex_cs_in_class_mode_int=\count269
\c__regex_cs_mode_int=\count270
\l__regex_catcodes_int=\count271
\l__regex_default_catcodes_int=\count272
\c__regex_catcode_L_int=\count273
\c__regex_catcode_O_int=\count274
\c__regex_catcode_A_int=\count275
\c__regex_all_catcodes_int=\count276
\l__regex_show_lines_int=\count277
\l__regex_min_state_int=\count278
\l__regex_max_state_int=\count279
\l__regex_left_state_int=\count280
\l__regex_right_state_int=\count281
\l__regex_capturing_group_int=\count282
\l__regex_min_pos_int=\count283
\l__regex_max_pos_int=\count284
\l__regex_curr_pos_int=\count285
\l__regex_start_pos_int=\count286
\l__regex_success_pos_int=\count287
\l__regex_curr_char_int=\count288
\l__regex_curr_catcode_int=\count289
\l__regex_last_char_int=\count290
\l__regex_case_changed_char_int=\count291
\l__regex_curr_state_int=\count292
\l__regex_step_int=\count293
\l__regex_min_active_int=\count294
\l__regex_max_active_int=\count295
\l__regex_replacement_csnames_int=\count296
\l__regex_match_count_int=\count297
\l__regex_min_submatch_int=\count298
\l__regex_submatch_int=\count299
\l__regex_zeroth_submatch_int=\count300
\g__regex_trace_regex_int=\count301
\c_empty_box=\box53
\l_tmpa_box=\box54
\l_tmpb_box=\box55
\g_tmpa_box=\box56
\g_tmpb_box=\box57
\l__box_top_dim=\dimen196
\l__box_bottom_dim=\dimen197
\l__box_left_dim=\dimen198
\l__box_right_dim=\dimen199
\l__box_top_new_dim=\dimen256
\l__box_bottom_new_dim=\dimen257
\l__box_left_new_dim=\dimen258
\l__box_right_new_dim=\dimen259
\l__box_internal_box=\box58
\l__coffin_internal_box=\box59
\l__coffin_internal_dim=\dimen260
\l__coffin_offset_x_dim=\dimen261
\l__coffin_offset_y_dim=\dimen262
\l__coffin_x_dim=\dimen263
\l__coffin_y_dim=\dimen264
\l__coffin_x_prime_dim=\dimen265
\l__coffin_y_prime_dim=\dimen266
\c_empty_coffin=\box60
\l__coffin_aligned_coffin=\box61
\l__coffin_aligned_internal_coffin=\box62
\l_tmpa_coffin=\box63
\l_tmpb_coffin=\box64
\l__coffin_display_coffin=\box65
\l__coffin_display_coord_coffin=\box66
\l__coffin_display_pole_coffin=\box67
\l__coffin_display_offset_dim=\dimen267
\l__coffin_display_x_dim=\dimen268
\l__coffin_display_y_dim=\dimen269
\l__coffin_bounding_shift_dim=\dimen270
\l__coffin_left_corner_dim=\dimen271
\l__coffin_right_corner_dim=\dimen272
\l__coffin_bottom_corner_dim=\dimen273
\l__coffin_top_corner_dim=\dimen274
\l__coffin_scaled_total_height_dim=\dimen275
\l__coffin_scaled_width_dim=\dimen276
)
(/usr/share/texlive/texmf-dist/tex/latex/l3kernel/l3pdfmode.def
File: l3pdfmode.def 2017/03/18 v L3 Experimental driver: PDF mode
\l__driver_color_stack_int=\count302
\l__driver_tmp_box=\box68
))
Package: xparse 2018/02/21 L3 Experimental document command parser
\l__xparse_current_arg_int=\count303
\g__xparse_grabber_int=\count304
\l__xparse_m_args_int=\count305
\l__xparse_mandatory_args_int=\count306
\l__xparse_v_nesting_int=\count307
)
Package: fontspec 2017/11/09 v2.6g Font selection for XeLaTeX and LuaLaTeX
Lua module: fontspec 2017/11/09 2.6g Font selection for XeLaTeX and LuaLaTeX
(/usr/share/texlive/texmf-dist/tex/latex/fontspec/fontspec-luatex.sty
Package: fontspec-luatex 2017/11/09 v2.6g Font selection for XeLaTeX and LuaLaTe
X
\l__fontspec_script_int=\count308
\l__fontspec_language_int=\count309
\l__fontspec_strnum_int=\count310
\l__fontspec_tmp_int=\count311
\l__fontspec_em_int=\count312
\l__fontspec_emdef_int=\count313
\l__fontspec_strong_int=\count314
\l__fontspec_strongdef_int=\count315
\l__fontspec_tmpa_dim=\dimen277
\l__fontspec_tmpb_dim=\dimen278
\l__fontspec_tmpc_dim=\dimen279
\g__file_internal_ior=\read2

(/usr/share/texlive/texmf-dist/tex/latex/base/fontenc.sty
Package: fontenc 2017/04/05 v2.0i Standard LaTeX package

(/usr/share/texlive/texmf-dist/tex/latex/base/tuenc.def
File: tuenc.def 2017/04/05 v2.0i Standard LaTeX file
LaTeX Font Info:    Redeclaring font encoding TU on input line 82.
))
.................................................
. LaTeX info: "xparse/define-command"
. 
. Defining command \fontspec with sig. 'O{}mO{}' on line 545.
.................................................
.................................................
. LaTeX info: "xparse/define-command"
. 
. Defining command \setmainfont with sig. 'O{}mO{}' on line 549.
.................................................
.................................................
. LaTeX info: "xparse/define-command"
. 
. Defining command \setsansfont with sig. 'O{}mO{}' on line 553.
.................................................
.................................................
. LaTeX info: "xparse/define-command"
. 
. Defining command \setmonofont with sig. 'O{}mO{}' on line 557.
.................................................
.................................................
. LaTeX info: "xparse/define-command"
. 
. Defining command \setmathrm with sig. 'O{}mO{}' on line 561.
.................................................
.................................................
. LaTeX info: "xparse/define-command"
. 
. Defining command \setboldmathrm with sig. 'O{}mO{}' on line 565.
.................................................
.................................................
. LaTeX info: "xparse/define-command"
. 
. Defining command \setmathsf with sig. 'O{}mO{}' on line 569.
.................................................
.................................................
. LaTeX info: "xparse/define-command"
. 
. Defining command \setmathtt with sig. 'O{}mO{}' on line 573.
.................................................
.................................................
. LaTeX info: "xparse/define-command"
. 
. Defining command \setromanfont with sig. 'O{}mO{}' on line 577.
.................................................
.................................................
. LaTeX info: "xparse/define-command"
. 
. Defining command \newfontfamily with sig. 'mO{}mO{}' on line 581.
.................................................
.................................................
. LaTeX info: "xparse/define-command"
. 
. Defining command \newfontface with sig. 'mO{}mO{}' on line 585.
.................................................
.................................................
. LaTeX info: "xparse/define-command"
. 
. Defining command \defaultfontfeatures with sig. 't+om' on line 589.
.................................................
.................................................
. LaTeX info: "xparse/define-command"
. 
. Defining command \addfontfeatures with sig. 'm' on line 593.
.................................................
.................................................
. LaTeX info: "xparse/define-command"
. 
. Defining command \addfontfeature with sig. 'm' on line 597.
.................................................
.................................................
. LaTeX info: "xparse/define-command"
. 
. Defining command \newfontfeature with sig. 'mm' on line 601.
.................................................
.................................................
. LaTeX info: "xparse/define-command"
. 
. Defining command \newAATfeature with sig. 'mmmm' on line 605.
.................................................
.................................................
. LaTeX info: "xparse/define-command"
. 
. Defining command \newopentypefeature with sig. 'mmm' on line 609.
.................................................
.................................................
. LaTeX info: "xparse/define-command"
. 
. Defining command \newICUfeature with sig. 'mmm' on line 613.
.................................................
.................................................
. LaTeX info: "xparse/define-command"
. 
. Defining command \aliasfontfeature with sig. 'mm' on line 617.
.................................................
.................................................
. LaTeX info: "xparse/define-command"
. 
. Defining command \aliasfontfeatureoption with sig. 'mmm' on line 621.
.................................................
.................................................
. LaTeX info: "xparse/define-command"
. 
. Defining command \newfontscript with sig. 'mm' on line 625.
.................................................
.................................................
. LaTeX info: "xparse/define-command"
. 
. Defining command \newfontlanguage with sig. 'mm' on line 629.
.................................................
.................................................
. LaTeX info: "xparse/define-command"
. 
. Defining command \DeclareFontsExtensions with sig. 'm' on line 633.
.................................................
.................................................
. LaTeX info: "xparse/define-command"
. 
. Defining command \IfFontFeatureActiveTF with sig. 'mmm' on line 637.
.................................................
.................................................
. LaTeX info: "xparse/define-command"
. 
. Defining command \EncodingCommand with sig. 'mO{}m' on line 3366.
.................................................
.................................................
. LaTeX info: "xparse/define-command"
. 
. Defining command \EncodingAccent with sig. 'mm' on line 3372.
.................................................
.................................................
. LaTeX info: "xparse/define-command"
. 
. Defining command \EncodingSymbol with sig. 'mm' on line 3378.
.................................................
.................................................
. LaTeX info: "xparse/define-command"
. 
. Defining command \EncodingComposite with sig. 'mmm' on line 3384.
.................................................
.................................................
. LaTeX info: "xparse/define-command"
. 
. Defining command \EncodingCompositeCommand with sig. 'mmm' on line 3390.
.................................................
.................................................
. LaTeX info: "xparse/define-command"
. 
. Defining command \DeclareUnicodeEncoding with sig. 'mm' on line 3415.
.................................................
.................................................
. LaTeX info: "xparse/define-command"
. 
. Defining command \UndeclareSymbol with sig. 'm' on line 3421.
.................................................
.................................................
. LaTeX info: "xparse/define-command"
. 
. Defining command \UndeclareAccent with sig. 'm' on line 3427.
.................................................
.................................................
. LaTeX info: "xparse/define-command"
. 
. Defining command \UndeclareCommand with sig. 'm' on line 3433.
.................................................
.................................................
. LaTeX info: "xparse/define-command"
. 
. Defining command \UndeclareComposite with sig. 'mm' on line 3440.
.................................................

(/usr/share/texlive/texmf-dist/tex/latex/fontspec/fontspec.cfg)
LaTeX Info: Redefining \itshape on input line 3625.
LaTeX Info: Redefining \slshape on input line 3630.
LaTeX Info: Redefining \scshape on input line 3635.
LaTeX Info: Redefining \upshape on input line 3640.
LaTeX Info: Redefining \em on input line 3670.
LaTeX Info: Redefining \emph on input line 3695.
(load luc: /home/suhas/.texlive2017/texmf-var/luatex-cache/generic/fonts/otl/lms
ans10-bold.luc)
LaTeX Font Info:    Font shape `TU/lmss/m/it' in size <10.95> not available
(Font)              Font shape `TU/lmss/m/sl' tried instead on input line 3745.
(load luc: /home/suhas/.texlive2017/texmf-var/luatex-cache/generic/fonts/otl/lms
ans10-oblique.luc)
LaTeX Info: Redefining \- on input line 3749.
.................................................
. LaTeX info: "xparse/redefine-command"
. 
. Redefining command \oldstylenums with sig. 'm' on line 3844.
.................................................
.................................................
. LaTeX info: "xparse/define-command"
. 
. Defining command \liningnums with sig. 'm' on line 3848.
.................................................
))(load luc: /home/suhas/.texlive2017/texmf-var/luatex-cache/generic/fonts/otl/f
irasans-regular.luc)
\g__fontspec_family_FiraSans_int=\count316
(load luc: /home/suhas/.texlive2017/texmf-var/luatex-cache/generic/fonts/otl/fir
asans-bold.luc)(load luc: /home/suhas/.texlive2017/texmf-var/luatex-cache/generi
c/fonts/otl/firasans-regularitalic.luc)(load luc: /home/suhas/.texlive2017/texmf
-var/luatex-cache/generic/fonts/otl/firasans-bolditalic.luc)
.................................................
. fontspec info: "defining-font"
. 
. Font family 'FiraSans(0)' created for font 'FiraSans' with options
. [Ligatures = TeX,Scale = 1,Extension = .otf,Ligatures=TeX,Numbers =
. {Proportional,OldStyle},UprightFont = *-Regular,ItalicFont =
. *-RegularItalic,BoldFont = *-Bold,BoldItalicFont = *-BoldItalic].
.  
.  This font family consists of the following NFSS series/shapes:
.  
. - 'normal' (m/n) with NFSS spec.:
. <->s*[1]"[FiraSans-Regular.otf]:mode=node;script=latn;language=DFLT;+tlig;+pnu
m;+onum;"
. - 'small caps'  (m/sc) with NFSS spec.:
. <->s*[1]"[FiraSans-Regular.otf]:mode=node;script=latn;language=DFLT;+tlig;+pnu
m;+onum;+smcp;"
. - 'bold' (bx/n) with NFSS spec.:
. <->s*[1]"[FiraSans-Bold.otf]:mode=node;script=latn;language=DFLT;+tlig;+pnum;+
onum;"
. - 'bold small caps'  (bx/sc) with NFSS spec.:
. <->s*[1]"[FiraSans-Bold.otf]:mode=node;script=latn;language=DFLT;+tlig;+pnum;+
onum;+smcp;"
. - 'italic' (m/it) with NFSS spec.:
. <->s*[1]"[FiraSans-RegularItalic.otf]:mode=node;script=latn;language=DFLT;+tli
g;+pnum;+onum;"
. - 'italic small caps'  (m/itsc) with NFSS spec.:
. <->s*[1]"[FiraSans-RegularItalic.otf]:mode=node;script=latn;language=DFLT;+tli
g;+pnum;+onum;+smcp;"
. - 'bold italic' (bx/it) with NFSS spec.:
. <->s*[1]"[FiraSans-BoldItalic.otf]:mode=node;script=latn;language=DFLT;+tlig;+
pnum;+onum;"
. - 'bold italic small caps'  (bx/itsc) with NFSS spec.:
. <->s*[1]"[FiraSans-BoldItalic.otf]:mode=node;script=latn;language=DFLT;+tlig;+
pnum;+onum;+smcp;"
.................................................
LaTeX Info: Redefining \sffamily on input line 136.
LaTeX Font Info:    Font shape `TU/FiraSans(0)/m/n' will be
(Font)              scaled to size 10.95pt on input line 136.
.................................................
. fontspec info: "defining-font"
. 
. Font family 'FiraSans(1)' created for font 'FiraSans' with options
. [Ligatures = TeX,Scale = 1,Extension = .otf,Numbers =
. {Proportional,OldStyle},UprightFont = *-Regular,ItalicFont =
. *-RegularItalic,BoldFont = *-Bold,BoldItalicFont = *-BoldItalic].
.  
.  This font family consists of the following NFSS series/shapes:
.  
. - 'normal' (m/n) with NFSS spec.:
. <->s*[1]"[FiraSans-Regular.otf]:mode=node;script=latn;language=DFLT;+tlig;+pnu
m;+onum;"
. - 'small caps'  (m/sc) with NFSS spec.:
. <->s*[1]"[FiraSans-Regular.otf]:mode=node;script=latn;language=DFLT;+tlig;+pnu
m;+onum;+smcp;"
. - 'bold' (bx/n) with NFSS spec.:
. <->s*[1]"[FiraSans-Bold.otf]:mode=node;script=latn;language=DFLT;+tlig;+pnum;+
onum;"
. - 'bold small caps'  (bx/sc) with NFSS spec.:
. <->s*[1]"[FiraSans-Bold.otf]:mode=node;script=latn;language=DFLT;+tlig;+pnum;+
onum;+smcp;"
. - 'italic' (m/it) with NFSS spec.:
. <->s*[1]"[FiraSans-RegularItalic.otf]:mode=node;script=latn;language=DFLT;+tli
g;+pnum;+onum;"
. - 'italic small caps'  (m/itsc) with NFSS spec.:
. <->s*[1]"[FiraSans-RegularItalic.otf]:mode=node;script=latn;language=DFLT;+tli
g;+pnum;+onum;+smcp;"
. - 'bold italic' (bx/it) with NFSS spec.:
. <->s*[1]"[FiraSans-BoldItalic.otf]:mode=node;script=latn;language=DFLT;+tlig;+
pnum;+onum;"
. - 'bold italic small caps'  (bx/itsc) with NFSS spec.:
. <->s*[1]"[FiraSans-BoldItalic.otf]:mode=node;script=latn;language=DFLT;+tlig;+
pnum;+onum;+smcp;"
.................................................
.................................................
. fontspec info: "defining-font"
. 
. Font family 'FiraSans(2)' created for font 'FiraSans' with options
. [Ligatures = TeX,Scale = 1,Extension = .otf,Numbers =
. {Proportional,Lining},UprightFont = *-Regular,ItalicFont =
. *-RegularItalic,BoldFont = *-Bold,BoldItalicFont = *-BoldItalic].
.  
.  This font family consists of the following NFSS series/shapes:
.  
. - 'normal' (m/n) with NFSS spec.:
. <->s*[1]"[FiraSans-Regular.otf]:mode=node;script=latn;language=DFLT;+tlig;+pnu
m;+lnum;"
. - 'small caps'  (m/sc) with NFSS spec.:
. <->s*[1]"[FiraSans-Regular.otf]:mode=node;script=latn;language=DFLT;+tlig;+pnu
m;+lnum;+smcp;"
. - 'bold' (bx/n) with NFSS spec.:
. <->s*[1]"[FiraSans-Bold.otf]:mode=node;script=latn;language=DFLT;+tlig;+pnum;+
lnum;"
. - 'bold small caps'  (bx/sc) with NFSS spec.:
. <->s*[1]"[FiraSans-Bold.otf]:mode=node;script=latn;language=DFLT;+tlig;+pnum;+
lnum;+smcp;"
. - 'italic' (m/it) with NFSS spec.:
. <->s*[1]"[FiraSans-RegularItalic.otf]:mode=node;script=latn;language=DFLT;+tli
g;+pnum;+lnum;"
. - 'italic small caps'  (m/itsc) with NFSS spec.:
. <->s*[1]"[FiraSans-RegularItalic.otf]:mode=node;script=latn;language=DFLT;+tli
g;+pnum;+lnum;+smcp;"
. - 'bold italic' (bx/it) with NFSS spec.:
. <->s*[1]"[FiraSans-BoldItalic.otf]:mode=node;script=latn;language=DFLT;+tlig;+
pnum;+lnum;"
. - 'bold italic small caps'  (bx/itsc) with NFSS spec.:
. <->s*[1]"[FiraSans-BoldItalic.otf]:mode=node;script=latn;language=DFLT;+tlig;+
pnum;+lnum;+smcp;"
.................................................
.................................................
. fontspec info: "defining-font"
. 
. Font family 'FiraSans(3)' created for font 'FiraSans' with options
. [Ligatures = TeX,Scale = 1,Extension = .otf,Numbers =
. {Monospaced,OldStyle},UprightFont = *-Regular,ItalicFont =
. *-RegularItalic,BoldFont = *-Bold,BoldItalicFont = *-BoldItalic].
.  
.  This font family consists of the following NFSS series/shapes:
.  
. - 'normal' (m/n) with NFSS spec.:
. <->s*[1]"[FiraSans-Regular.otf]:mode=node;script=latn;language=DFLT;+tlig;+tnu
m;+onum;"
. - 'small caps'  (m/sc) with NFSS spec.:
. <->s*[1]"[FiraSans-Regular.otf]:mode=node;script=latn;language=DFLT;+tlig;+tnu
m;+onum;+smcp;"
. - 'bold' (bx/n) with NFSS spec.:
. <->s*[1]"[FiraSans-Bold.otf]:mode=node;script=latn;language=DFLT;+tlig;+tnum;+
onum;"
. - 'bold small caps'  (bx/sc) with NFSS spec.:
. <->s*[1]"[FiraSans-Bold.otf]:mode=node;script=latn;language=DFLT;+tlig;+tnum;+
onum;+smcp;"
. - 'italic' (m/it) with NFSS spec.:
. <->s*[1]"[FiraSans-RegularItalic.otf]:mode=node;script=latn;language=DFLT;+tli
g;+tnum;+onum;"
. - 'italic small caps'  (m/itsc) with NFSS spec.:
. <->s*[1]"[FiraSans-RegularItalic.otf]:mode=node;script=latn;language=DFLT;+tli
g;+tnum;+onum;+smcp;"
. - 'bold italic' (bx/it) with NFSS spec.:
. <->s*[1]"[FiraSans-BoldItalic.otf]:mode=node;script=latn;language=DFLT;+tlig;+
tnum;+onum;"
. - 'bold italic small caps'  (bx/itsc) with NFSS spec.:
. <->s*[1]"[FiraSans-BoldItalic.otf]:mode=node;script=latn;language=DFLT;+tlig;+
tnum;+onum;+smcp;"
.................................................
(load luc: /home/suhas/.texlive2017/texmf-var/luatex-cache/generic/fonts/otl/fir
asans-thin.luc)(load luc: /home/suhas/.texlive2017/texmf-var/luatex-cache/generi
c/fonts/otl/firasans-thinitalic.luc)
.................................................
. fontspec info: "defining-font"
. 
. Font family 'FiraSans(4)' created for font 'FiraSans' with options
. [Ligatures = TeX,Scale = 1,Extension = .otf,Numbers =
. {Proportional,OldStyle},UprightFont = *-Thin,ItalicFont =
. *-ThinItalic,BoldFont = *-Bold,BoldItalicFont = *-BoldItalic].
.  
.  This font family consists of the following NFSS series/shapes:
.  
. - 'normal' (m/n) with NFSS spec.:
. <->s*[1]"[FiraSans-Thin.otf]:mode=node;script=latn;language=DFLT;+tlig;+pnum;+
onum;"
. - 'small caps'  (m/sc) with NFSS spec.:
. <->s*[1]"[FiraSans-Thin.otf]:mode=node;script=latn;language=DFLT;+tlig;+pnum;+
onum;+smcp;"
. - 'bold' (bx/n) with NFSS spec.:
. <->s*[1]"[FiraSans-Bold.otf]:mode=node;script=latn;language=DFLT;+tlig;+pnum;+
onum;"
. - 'bold small caps'  (bx/sc) with NFSS spec.:
. <->s*[1]"[FiraSans-Bold.otf]:mode=node;script=latn;language=DFLT;+tlig;+pnum;+
onum;+smcp;"
. - 'italic' (m/it) with NFSS spec.:
. <->s*[1]"[FiraSans-ThinItalic.otf]:mode=node;script=latn;language=DFLT;+tlig;+
pnum;+onum;"
. - 'italic small caps'  (m/itsc) with NFSS spec.:
. <->s*[1]"[FiraSans-ThinItalic.otf]:mode=node;script=latn;language=DFLT;+tlig;+
pnum;+onum;+smcp;"
. - 'bold italic' (bx/it) with NFSS spec.:
. <->s*[1]"[FiraSans-BoldItalic.otf]:mode=node;script=latn;language=DFLT;+tlig;+
pnum;+onum;"
. - 'bold italic small caps'  (bx/itsc) with NFSS spec.:
. <->s*[1]"[FiraSans-BoldItalic.otf]:mode=node;script=latn;language=DFLT;+tlig;+
pnum;+onum;+smcp;"
.................................................
(load luc: /home/suhas/.texlive2017/texmf-var/luatex-cache/generic/fonts/otl/fir
asans-light.luc)(load luc: /home/suhas/.texlive2017/texmf-var/luatex-cache/gener
ic/fonts/otl/firasans-lightitalic.luc)
.................................................
. fontspec info: "defining-font"
. 
. Font family 'FiraSans(5)' created for font 'FiraSans' with options
. [Ligatures = TeX,Scale = 1,Extension = .otf,Numbers =
. {Proportional,OldStyle},UprightFont = *-Light,ItalicFont =
. *-LightItalic,BoldFont = *-Bold,BoldItalicFont = *-BoldItalic].
.  
.  This font family consists of the following NFSS series/shapes:
.  
. - 'normal' (m/n) with NFSS spec.:
. <->s*[1]"[FiraSans-Light.otf]:mode=node;script=latn;language=DFLT;+tlig;+pnum;
+onum;"
. - 'small caps'  (m/sc) with NFSS spec.:
. <->s*[1]"[FiraSans-Light.otf]:mode=node;script=latn;language=DFLT;+tlig;+pnum;
+onum;+smcp;"
. - 'bold' (bx/n) with NFSS spec.:
. <->s*[1]"[FiraSans-Bold.otf]:mode=node;script=latn;language=DFLT;+tlig;+pnum;+
onum;"
. - 'bold small caps'  (bx/sc) with NFSS spec.:
. <->s*[1]"[FiraSans-Bold.otf]:mode=node;script=latn;language=DFLT;+tlig;+pnum;+
onum;+smcp;"
. - 'italic' (m/it) with NFSS spec.:
. <->s*[1]"[FiraSans-LightItalic.otf]:mode=node;script=latn;language=DFLT;+tlig;
+pnum;+onum;"
. - 'italic small caps'  (m/itsc) with NFSS spec.:
. <->s*[1]"[FiraSans-LightItalic.otf]:mode=node;script=latn;language=DFLT;+tlig;
+pnum;+onum;+smcp;"
. - 'bold italic' (bx/it) with NFSS spec.:
. <->s*[1]"[FiraSans-BoldItalic.otf]:mode=node;script=latn;language=DFLT;+tlig;+
pnum;+onum;"
. - 'bold italic small caps'  (bx/itsc) with NFSS spec.:
. <->s*[1]"[FiraSans-BoldItalic.otf]:mode=node;script=latn;language=DFLT;+tlig;+
pnum;+onum;+smcp;"
.................................................
(load luc: /home/suhas/.texlive2017/texmf-var/luatex-cache/generic/fonts/otl/fir
asans-extralight.luc)(load luc: /home/suhas/.texlive2017/texmf-var/luatex-cache/
generic/fonts/otl/firasans-extralightitalic.luc)
.................................................
. fontspec info: "defining-font"
. 
. Font family 'FiraSans(6)' created for font 'FiraSans' with options
. [Ligatures = TeX,Scale = 1,Extension = .otf,Numbers =
. {Proportional,OldStyle},UprightFont = *-ExtraLight,ItalicFont =
. *-ExtraLightItalic,BoldFont = *-Bold,BoldItalicFont = *-BoldItalic].
.  
.  This font family consists of the following NFSS series/shapes:
.  
. - 'normal' (m/n) with NFSS spec.:
. <->s*[1]"[FiraSans-ExtraLight.otf]:mode=node;script=latn;language=DFLT;+tlig;+
pnum;+onum;"
. - 'small caps'  (m/sc) with NFSS spec.:
. <->s*[1]"[FiraSans-ExtraLight.otf]:mode=node;script=latn;language=DFLT;+tlig;+
pnum;+onum;+smcp;"
. - 'bold' (bx/n) with NFSS spec.:
. <->s*[1]"[FiraSans-Bold.otf]:mode=node;script=latn;language=DFLT;+tlig;+pnum;+
onum;"
. - 'bold small caps'  (bx/sc) with NFSS spec.:
. <->s*[1]"[FiraSans-Bold.otf]:mode=node;script=latn;language=DFLT;+tlig;+pnum;+
onum;+smcp;"
. - 'italic' (m/it) with NFSS spec.:
. <->s*[1]"[FiraSans-ExtraLightItalic.otf]:mode=node;script=latn;language=DFLT;+
tlig;+pnum;+onum;"
. - 'italic small caps'  (m/itsc) with NFSS spec.:
. <->s*[1]"[FiraSans-ExtraLightItalic.otf]:mode=node;script=latn;language=DFLT;+
tlig;+pnum;+onum;+smcp;"
. - 'bold italic' (bx/it) with NFSS spec.:
. <->s*[1]"[FiraSans-BoldItalic.otf]:mode=node;script=latn;language=DFLT;+tlig;+
pnum;+onum;"
. - 'bold italic small caps'  (bx/itsc) with NFSS spec.:
. <->s*[1]"[FiraSans-BoldItalic.otf]:mode=node;script=latn;language=DFLT;+tlig;+
pnum;+onum;+smcp;"
.................................................
(load luc: /home/suhas/.texlive2017/texmf-var/luatex-cache/generic/fonts/otl/fir
asans-ultralight.luc)(load luc: /home/suhas/.texlive2017/texmf-var/luatex-cache/
generic/fonts/otl/firasans-ultralightitalic.luc)
.................................................
. fontspec info: "defining-font"
. 
. Font family 'FiraSans(7)' created for font 'FiraSans' with options
. [Ligatures = TeX,Scale = 1,Extension = .otf,Numbers =
. {Proportional,OldStyle},UprightFont = *-UltraLight,ItalicFont =
. *-UltraLightItalic,BoldFont = *-Bold,BoldItalicFont = *-BoldItalic].
.  
.  This font family consists of the following NFSS series/shapes:
.  
. - 'normal' (m/n) with NFSS spec.:
. <->s*[1]"[FiraSans-UltraLight.otf]:mode=node;script=latn;language=DFLT;+tlig;+
pnum;+onum;"
. - 'small caps'  (m/sc) with NFSS spec.:
. <->s*[1]"[FiraSans-UltraLight.otf]:mode=node;script=latn;language=DFLT;+tlig;+
pnum;+onum;+smcp;"
. - 'bold' (bx/n) with NFSS spec.:
. <->s*[1]"[FiraSans-Bold.otf]:mode=node;script=latn;language=DFLT;+tlig;+pnum;+
onum;"
. - 'bold small caps'  (bx/sc) with NFSS spec.:
. <->s*[1]"[FiraSans-Bold.otf]:mode=node;script=latn;language=DFLT;+tlig;+pnum;+
onum;+smcp;"
. - 'italic' (m/it) with NFSS spec.:
. <->s*[1]"[FiraSans-UltraLightItalic.otf]:mode=node;script=latn;language=DFLT;+
tlig;+pnum;+onum;"
. - 'italic small caps'  (m/itsc) with NFSS spec.:
. <->s*[1]"[FiraSans-UltraLightItalic.otf]:mode=node;script=latn;language=DFLT;+
tlig;+pnum;+onum;+smcp;"
. - 'bold italic' (bx/it) with NFSS spec.:
. <->s*[1]"[FiraSans-BoldItalic.otf]:mode=node;script=latn;language=DFLT;+tlig;+
pnum;+onum;"
. - 'bold italic small caps'  (bx/itsc) with NFSS spec.:
. <->s*[1]"[FiraSans-BoldItalic.otf]:mode=node;script=latn;language=DFLT;+tlig;+
pnum;+onum;+smcp;"
.................................................
(load luc: /home/suhas/.texlive2017/texmf-var/luatex-cache/generic/fonts/otl/fir
asans-medium.luc)(load luc: /home/suhas/.texlive2017/texmf-var/luatex-cache/gene
ric/fonts/otl/firasans-mediumitalic.luc)
.................................................
. fontspec info: "defining-font"
. 
. Font family 'FiraSans(8)' created for font 'FiraSans' with options
. [Ligatures = TeX,Scale = 1,Extension = .otf,Numbers =
. {Proportional,OldStyle},UprightFont = *-Medium,ItalicFont =
. *-MediumItalic,BoldFont = *-Bold,BoldItalicFont = *-BoldItalic].
.  
.  This font family consists of the following NFSS series/shapes:
.  
. - 'normal' (m/n) with NFSS spec.:
. <->s*[1]"[FiraSans-Medium.otf]:mode=node;script=latn;language=DFLT;+tlig;+pnum
;+onum;"
. - 'small caps'  (m/sc) with NFSS spec.:
. <->s*[1]"[FiraSans-Medium.otf]:mode=node;script=latn;language=DFLT;+tlig;+pnum
;+onum;+smcp;"
. - 'bold' (bx/n) with NFSS spec.:
. <->s*[1]"[FiraSans-Bold.otf]:mode=node;script=latn;language=DFLT;+tlig;+pnum;+
onum;"
. - 'bold small caps'  (bx/sc) with NFSS spec.:
. <->s*[1]"[FiraSans-Bold.otf]:mode=node;script=latn;language=DFLT;+tlig;+pnum;+
onum;+smcp;"
. - 'italic' (m/it) with NFSS spec.:
. <->s*[1]"[FiraSans-MediumItalic.otf]:mode=node;script=latn;language=DFLT;+tlig
;+pnum;+onum;"
. - 'italic small caps'  (m/itsc) with NFSS spec.:
. <->s*[1]"[FiraSans-MediumItalic.otf]:mode=node;script=latn;language=DFLT;+tlig
;+pnum;+onum;+smcp;"
. - 'bold italic' (bx/it) with NFSS spec.:
. <->s*[1]"[FiraSans-BoldItalic.otf]:mode=node;script=latn;language=DFLT;+tlig;+
pnum;+onum;"
. - 'bold italic small caps'  (bx/itsc) with NFSS spec.:
. <->s*[1]"[FiraSans-BoldItalic.otf]:mode=node;script=latn;language=DFLT;+tlig;+
pnum;+onum;+smcp;"
.................................................
(load luc: /home/suhas/.texlive2017/texmf-var/luatex-cache/generic/fonts/otl/fir
asans-book.luc)(load luc: /home/suhas/.texlive2017/texmf-var/luatex-cache/generi
c/fonts/otl/firasans-bookitalic.luc)
.................................................
. fontspec info: "defining-font"
. 
. Font family 'FiraSans(9)' created for font 'FiraSans' with options
. [Ligatures = TeX,Scale = 1,Extension = .otf,Numbers =
. {Proportional,OldStyle},UprightFont = *-Book,ItalicFont =
. *-BookItalic,BoldFont = *-Bold,BoldItalicFont = *-BoldItalic].
.  
.  This font family consists of the following NFSS series/shapes:
.  
. - 'normal' (m/n) with NFSS spec.:
. <->s*[1]"[FiraSans-Book.otf]:mode=node;script=latn;language=DFLT;+tlig;+pnum;+
onum;"
. - 'small caps'  (m/sc) with NFSS spec.:
. <->s*[1]"[FiraSans-Book.otf]:mode=node;script=latn;language=DFLT;+tlig;+pnum;+
onum;+smcp;"
. - 'bold' (bx/n) with NFSS spec.:
. <->s*[1]"[FiraSans-Bold.otf]:mode=node;script=latn;language=DFLT;+tlig;+pnum;+
onum;"
. - 'bold small caps'  (bx/sc) with NFSS spec.:
. <->s*[1]"[FiraSans-Bold.otf]:mode=node;script=latn;language=DFLT;+tlig;+pnum;+
onum;+smcp;"
. - 'italic' (m/it) with NFSS spec.:
. <->s*[1]"[FiraSans-BookItalic.otf]:mode=node;script=latn;language=DFLT;+tlig;+
pnum;+onum;"
. - 'italic small caps'  (m/itsc) with NFSS spec.:
. <->s*[1]"[FiraSans-BookItalic.otf]:mode=node;script=latn;language=DFLT;+tlig;+
pnum;+onum;+smcp;"
. - 'bold italic' (bx/it) with NFSS spec.:
. <->s*[1]"[FiraSans-BoldItalic.otf]:mode=node;script=latn;language=DFLT;+tlig;+
pnum;+onum;"
. - 'bold italic small caps'  (bx/itsc) with NFSS spec.:
. <->s*[1]"[FiraSans-BoldItalic.otf]:mode=node;script=latn;language=DFLT;+tlig;+
pnum;+onum;+smcp;"
.................................................
(load luc: /home/suhas/.texlive2017/texmf-var/luatex-cache/generic/fonts/otl/fir
asans-semibold.luc)(load luc: /home/suhas/.texlive2017/texmf-var/luatex-cache/ge
neric/fonts/otl/firasans-semibolditalic.luc)
.................................................
. fontspec info: "defining-font"
. 
. Font family 'FiraSans(10)' created for font 'FiraSans' with options
. [Ligatures = TeX,Scale = 1,Extension = .otf,Numbers =
. {Proportional,OldStyle},UprightFont = *-SemiBold,ItalicFont =
. *-SemiBoldItalic].
.  
.  This font family consists of the following NFSS series/shapes:
.  
. - 'normal' (m/n) with NFSS spec.:
. <->s*[1]"[FiraSans-SemiBold.otf]:mode=node;script=latn;language=DFLT;+tlig;+pn
um;+onum;"
. - 'small caps'  (m/sc) with NFSS spec.:
. <->s*[1]"[FiraSans-SemiBold.otf]:mode=node;script=latn;language=DFLT;+tlig;+pn
um;+onum;+smcp;"
. - 'italic' (m/it) with NFSS spec.:
. <->s*[1]"[FiraSans-SemiBoldItalic.otf]:mode=node;script=latn;language=DFLT;+tl
ig;+pnum;+onum;"
. - 'italic small caps'  (m/itsc) with NFSS spec.:
. <->s*[1]"[FiraSans-SemiBoldItalic.otf]:mode=node;script=latn;language=DFLT;+tl
ig;+pnum;+onum;+smcp;"
.................................................
(load luc: /home/suhas/.texlive2017/texmf-var/luatex-cache/generic/fonts/otl/fir
asans-extrabold.luc)(load luc: /home/suhas/.texlive2017/texmf-var/luatex-cache/g
eneric/fonts/otl/firasans-extrabolditalic.luc)
.................................................
. fontspec info: "defining-font"
. 
. Font family 'FiraSans(11)' created for font 'FiraSans' with options
. [Ligatures = TeX,Scale = 1,Extension = .otf,Numbers =
. {Proportional,OldStyle},UprightFont = *-ExtraBold,ItalicFont =
. *-ExtraBoldItalic].
.  
.  This font family consists of the following NFSS series/shapes:
.  
. - 'normal' (m/n) with NFSS spec.:
. <->s*[1]"[FiraSans-ExtraBold.otf]:mode=node;script=latn;language=DFLT;+tlig;+p
num;+onum;"
. - 'small caps'  (m/sc) with NFSS spec.:
. <->s*[1]"[FiraSans-ExtraBold.otf]:mode=node;script=latn;language=DFLT;+tlig;+p
num;+onum;+smcp;"
. - 'italic' (m/it) with NFSS spec.:
. <->s*[1]"[FiraSans-ExtraBoldItalic.otf]:mode=node;script=latn;language=DFLT;+t
lig;+pnum;+onum;"
. - 'italic small caps'  (m/itsc) with NFSS spec.:
. <->s*[1]"[FiraSans-ExtraBoldItalic.otf]:mode=node;script=latn;language=DFLT;+t
lig;+pnum;+onum;+smcp;"
.................................................
(load luc: /home/suhas/.texlive2017/texmf-var/luatex-cache/generic/fonts/otl/fir
asans-heavy.luc)(load luc: /home/suhas/.texlive2017/texmf-var/luatex-cache/gener
ic/fonts/otl/firasans-heavyitalic.luc)
.................................................
. fontspec info: "defining-font"
. 
. Font family 'FiraSans(12)' created for font 'FiraSans' with options
. [Ligatures = TeX,Scale = 1,Extension = .otf,Numbers =
. {Proportional,OldStyle},UprightFont = *-Heavy,ItalicFont = *-HeavyItalic].
.  
.  This font family consists of the following NFSS series/shapes:
.  
. - 'normal' (m/n) with NFSS spec.:
. <->s*[1]"[FiraSans-Heavy.otf]:mode=node;script=latn;language=DFLT;+tlig;+pnum;
+onum;"
. - 'small caps'  (m/sc) with NFSS spec.:
. <->s*[1]"[FiraSans-Heavy.otf]:mode=node;script=latn;language=DFLT;+tlig;+pnum;
+onum;+smcp;"
. - 'italic' (m/it) with NFSS spec.:
. <->s*[1]"[FiraSans-HeavyItalic.otf]:mode=node;script=latn;language=DFLT;+tlig;
+pnum;+onum;"
. - 'italic small caps'  (m/itsc) with NFSS spec.:
. <->s*[1]"[FiraSans-HeavyItalic.otf]:mode=node;script=latn;language=DFLT;+tlig;
+pnum;+onum;+smcp;"
.................................................
)
(/usr/share/texlive/texmf-dist/tex/latex/base/inputenc.sty
Package: inputenc 2015/03/17 v1.2c Input encoding file
\inpenc@prehook=\toks46
\inpenc@posthook=\toks47


! Package inputenc Error: inputenc is not designed for xetex or luatex.
(inputenc)                only UTF-8 supported.

See the inputenc package documentation for explanation.
Type  H <return>  for immediate help.
 ...                                              
                                                  
l.158 \endinput
             
For xelatex or lualatex save the document in UTF-8 encoding
and do not use inputenc, or use the [utf8] option.

) (/usr/share/texlive/texmf-dist/tex/latex/tools/multicol.sty
Package: multicol 2017/04/11 v1.8q multicolumn formatting (FMi)
\c@tracingmulticols=\count317
\mult@box=\box69
\multicol@leftmargin=\dimen280
\c@unbalance=\count318
\c@collectmore=\count319
\doublecol@number=\count320
\multicoltolerance=\count321
\multicolpretolerance=\count322
\full@width=\dimen281
\page@free=\dimen282
\premulticols=\dimen283
\postmulticols=\dimen284
\multicolsep=\skip63
\multicolbaselineskip=\skip64
\partial@page=\box70
\last@line=\box71
\maxbalancingoverflow=\dimen285
\mult@rightbox=\box72
\mult@grightbox=\box73
\mult@gfirstbox=\box74
\mult@firstbox=\box75
\@tempa=\box76
\@tempa=\box77
\@tempa=\box78
\@tempa=\box79
\@tempa=\box80
\@tempa=\box81
\@tempa=\box82
\@tempa=\box83
\@tempa=\box84
\@tempa=\box85
\@tempa=\box86
\@tempa=\box87
\@tempa=\box88
\@tempa=\box89
\@tempa=\box90
\@tempa=\box91
\@tempa=\box92
\c@columnbadness=\count323
\c@finalcolumnbadness=\count324
\last@try=\dimen286
\multicolovershoot=\dimen287
\multicolundershoot=\dimen288
\mult@nat@firstbox=\box93
\colbreak@box=\box94
\mc@col@check@num=\count325
)
(/usr/share/texlive/texmf-dist/tex/latex/beamertheme-metropolis/beamerthememetr
opolis.sty
Package: beamerthememetropolis 2017/01/23 v1.2 Metropolis Beamer theme
 (/usr/share/texlive/texmf-dist/tex/latex/pgfopts/pgfopts.sty
Package: pgfopts 2014/07/10 v2.1a LaTeX package options with pgfkeys

(/usr/share/texlive/texmf-dist/tex/latex/pgf/utilities/pgfkeys.sty
(/usr/share/texlive/texmf-dist/tex/generic/pgf/utilities/pgfkeys.code.tex))
\pgfopts@list@add@a@toks=\toks48
\pgfopts@list@add@b@toks=\toks49
)
(/usr/share/texlive/texmf-dist/tex/latex/beamertheme-metropolis/beamerinnerthem
emetropolis.sty
Package: beamerinnerthememetropolis 2017/01/23 Metropolis inner theme
 (/usr/share/texlive/texmf-dist/tex/latex/tools/calc.sty
Package: calc 2014/10/28 v4.3 Infix arithmetic (KKT,FJ)
\calc@Acount=\count326
\calc@Bcount=\count327
\calc@Adimen=\dimen289
\calc@Bdimen=\dimen290
\calc@Askip=\skip65
\calc@Bskip=\skip66
LaTeX Info: Redefining \setlength on input line 80.
LaTeX Info: Redefining \addtolength on input line 81.
\calc@Ccount=\count328
\calc@Cskip=\skip67
)
(/usr/share/texlive/texmf-dist/tex/latex/pgf/frontendlayer/tikz.sty
(/usr/share/texlive/texmf-dist/tex/latex/pgf/basiclayer/pgf.sty
Package: pgf 2015/08/07 v3.0.1a (rcs-revision 1.15)

(/usr/share/texlive/texmf-dist/tex/generic/pgf/modules/pgfmoduleshapes.code.tex
File: pgfmoduleshapes.code.tex 2014/03/21  (rcs-revision 1.35)
\pgfnodeparttextbox=\box95
) (/usr/share/texlive/texmf-dist/tex/generic/pgf/modules/pgfmoduleplot.code.tex
File: pgfmoduleplot.code.tex 2015/08/03  (rcs-revision 1.13)
)
(/usr/share/texlive/texmf-dist/tex/latex/pgf/compatibility/pgfcomp-version-0-65
.sty
Package: pgfcomp-version-0-65 2007/07/03 v3.0.1a (rcs-revision 1.7)
\pgf@nodesepstart=\dimen291
\pgf@nodesepend=\dimen292
)
(/usr/share/texlive/texmf-dist/tex/latex/pgf/compatibility/pgfcomp-version-1-18
.sty
Package: pgfcomp-version-1-18 2007/07/23 v3.0.1a (rcs-revision 1.1)
)) (/usr/share/texlive/texmf-dist/tex/latex/pgf/utilities/pgffor.sty
(/usr/share/texlive/texmf-dist/tex/latex/pgf/math/pgfmath.sty
(/usr/share/texlive/texmf-dist/tex/generic/pgf/math/pgfmath.code.tex))
(/usr/share/texlive/texmf-dist/tex/generic/pgf/utilities/pgffor.code.tex
Package: pgffor 2013/12/13 v3.0.1a (rcs-revision 1.25)

(/usr/share/texlive/texmf-dist/tex/generic/pgf/math/pgfmath.code.tex)
\pgffor@iter=\dimen293
\pgffor@skip=\dimen294
\pgffor@stack=\toks50
\pgffor@toks=\toks51
))
(/usr/share/texlive/texmf-dist/tex/generic/pgf/frontendlayer/tikz/tikz.code.tex
Package: tikz 2015/08/07 v3.0.1a (rcs-revision 1.151)

(/usr/share/texlive/texmf-dist/tex/generic/pgf/libraries/pgflibraryplothandlers
.code.tex
File: pgflibraryplothandlers.code.tex 2013/08/31 v3.0.1a (rcs-revision 1.20)
\pgf@plot@mark@count=\count329
\pgfplotmarksize=\dimen295
)
\tikz@lastx=\dimen296
\tikz@lasty=\dimen297
\tikz@lastxsaved=\dimen298
\tikz@lastysaved=\dimen299
\tikzleveldistance=\dimen300
\tikzsiblingdistance=\dimen301
\tikz@figbox=\box96
\tikz@figbox@bg=\box97
\tikz@tempbox=\box98
\tikz@tempbox@bg=\box99
\tikztreelevel=\count330
\tikznumberofchildren=\count331
\tikznumberofcurrentchild=\count332
\tikz@fig@count=\count333

(/usr/share/texlive/texmf-dist/tex/generic/pgf/modules/pgfmodulematrix.code.tex
File: pgfmodulematrix.code.tex 2013/09/17  (rcs-revision 1.8)
\pgfmatrixcurrentrow=\count334
\pgfmatrixcurrentcolumn=\count335
\pgf@matrix@numberofcolumns=\count336
)
\tikz@expandcount=\count337

(/usr/share/texlive/texmf-dist/tex/generic/pgf/frontendlayer/tikz/libraries/tik
zlibrarytopaths.code.tex
File: tikzlibrarytopaths.code.tex 2008/06/17 v3.0.1a (rcs-revision 1.2)
)))
\metropolis@titleseparator@linewidth=\skip68
\metropolis@progressonsectionpage=\skip69
\metropolis@progressonsectionpage@linewidth=\skip70
\metropolis@blocksep=\skip71
\metropolis@blockadjust=\skip72
\metropolis@parskip=\skip73
)
(/usr/share/texlive/texmf-dist/tex/latex/beamertheme-metropolis/beamerouterthem
emetropolis.sty
Package: beamerouterthememetropolis 2017/01/23 Metropolis outer theme
\metropolis@frametitle@padding=\skip74
\metropolis@progressinheadfoot=\skip75
\metropolis@progressinheadfoot@linewidth=\skip76
)
(/usr/share/texlive/texmf-dist/tex/latex/beamertheme-metropolis/beamercolorthem
emetropolis.sty
Package: beamercolorthememetropolis 2017/01/23 Metropolis color theme
)
(/usr/share/texlive/texmf-dist/tex/latex/beamertheme-metropolis/beamerfonttheme
metropolis.sty
Package: beamerfontthememetropolis 2017/01/23 Metropolis font theme
\c@fontsnotfound=\count338
luaotfload | cache : Lookup cache loaded from /home/suhas/.texlive2017/texmf-var
/luatex-cache/generic/names/luaotfload-lookup-cache.luc.
\g__fontspec_family_FiraSansLight_int=\count339
.................................................
. fontspec info: "defining-font"
. 
. Font family 'FiraSansLight(0)' created for font 'Fira Sans Light' with
. options [Ligatures=TeX,ItalicFont={Fira Sans Light Italic},BoldFont={Fira
. Sans},BoldItalicFont={Fira Sans Italic}].
.  
.  This font family consists of the following NFSS series/shapes:
.  
. - 'normal' (m/n) with NFSS spec.:
. <->"FiraSansLight:mode=node;script=latn;language=DFLT;+tlig;"
. - 'small caps'  (m/sc) with NFSS spec.:
. <->"FiraSansLight:mode=node;script=latn;language=DFLT;+tlig;+smcp;"
. - 'bold' (bx/n) with NFSS spec.:
. <->"FiraSans:mode=node;script=latn;language=DFLT;+tlig;"
. - 'bold small caps'  (bx/sc) with NFSS spec.:
. <->"FiraSans:mode=node;script=latn;language=DFLT;+tlig;+smcp;"
. - 'italic' (m/it) with NFSS spec.:
. <->"FiraSansLightItalic:mode=node;script=latn;language=DFLT;+tlig;"
. - 'italic small caps'  (m/itsc) with NFSS spec.:
. <->"FiraSansLightItalic:mode=node;script=latn;language=DFLT;+tlig;+smcp;"
. - 'bold italic' (bx/it) with NFSS spec.:
. <->"FiraSansItalic:mode=node;script=latn;language=DFLT;+tlig;"
. - 'bold italic small caps'  (bx/itsc) with NFSS spec.:
. <->"FiraSansItalic:mode=node;script=latn;language=DFLT;+tlig;+smcp;"
.................................................
LaTeX Info: Redefining \sffamily on input line 95.
(load luc: /home/suhas/.texlive2017/texmf-var/luatex-cache/generic/fonts/otl/fir
amono-regular.luc)(load luc: /home/suhas/.texlive2017/texmf-var/luatex-cache/gen
eric/fonts/otl/firamono-bold.luc)
\g__fontspec_family_FiraMono_int=\count340
(load luc: /home/suhas/.texlive2017/texmf-var/luatex-cache/generic/fonts/otl/fir
amono-medium.luc)
.................................................
. fontspec info: "no-font-shape"
. 
. Could not resolve font "FiraMonoMedium/I" (it probably doesn't exist).
.................................................
.................................................
. fontspec info: "no-font-shape"
. 
. Could not resolve font "FiraMono/BI" (it probably doesn't exist).
.................................................
.................................................
. fontspec info: "no-font-shape"
. 
. Could not resolve font "FiraMono/I" (it probably doesn't exist).
.................................................
luaotfload | aux : font no 61 (nil) does not define feature smcp for script latn
 with language dflt
luaotfload | aux : no font with id 61
luaotfload | aux : font no 62 (nil) does not define feature smcp for script latn
 with language dflt
luaotfload | aux : no font with id 62
.................................................
. fontspec info: "defining-font"
. 
. Font family 'FiraMono(0)' created for font 'Fira Mono' with options
. [WordSpace={1,0,0},HyphenChar=None,PunctuationSpace=WordSpace,BoldFont={Fira
. Mono Medium}].
.  
.  This font family consists of the following NFSS series/shapes:
.  
. - 'normal' (m/n) with NFSS spec.:
. <->"FiraMono:mode=node;script=latn;language=DFLT;"
. - 'small caps'  (m/sc) with NFSS spec.: 
. and font adjustment code:
. \fontdimen 2\font =1\fontdimen 2\font \fontdimen 3\font =0\fontdimen 3\font
. \fontdimen 4\font =0\fontdimen 4\font \fontdimen 7\font =0\fontdimen 2\font
. \tex_hyphenchar:D \font =-1\scan_stop: 
. - 'bold' (bx/n) with NFSS spec.:
. <->"FiraMonoMedium:mode=node;script=latn;language=DFLT;"
. - 'bold small caps'  (bx/sc) with NFSS spec.: 
. and font adjustment code:
. \fontdimen 2\font =1\fontdimen 2\font \fontdimen 3\font =0\fontdimen 3\font
. \fontdimen 4\font =0\fontdimen 4\font \fontdimen 7\font =0\fontdimen 2\font
. \tex_hyphenchar:D \font =-1\scan_stop: 
.................................................
LaTeX Info: Redefining \ttfamily on input line 95.
))

Package hyperref Warning: Token not allowed in a PDF string (PDFDocEncoding):
(hyperref)                removing `\\' on input line 16.


Package hyperref Warning: Token not allowed in a PDF string (PDFDocEncoding):
(hyperref)                removing `\\' on input line 16.

No file presentation.aux.

\openout1 = presentation.aux
LaTeX Font Info:    Checking defaults for OML/cmm/m/it on input line 19.
LaTeX Font Info:    ... okay on input line 19.
LaTeX Font Info:    Checking defaults for T1/cmr/m/n on input line 19.
LaTeX Font Info:    ... okay on input line 19.
LaTeX Font Info:    Checking defaults for OT1/cmr/m/n on input line 19.
LaTeX Font Info:    ... okay on input line 19.
LaTeX Font Info:    Checking defaults for OMS/cmsy/m/n on input line 19.
LaTeX Font Info:    ... okay on input line 19.
LaTeX Font Info:    Checking defaults for TU/lmr/m/n on input line 19.
LaTeX Font Info:    ... okay on input line 19.
LaTeX Font Info:    Checking defaults for OMX/cmex/m/n on input line 19.
LaTeX Font Info:    ... okay on input line 19.
LaTeX Font Info:    Checking defaults for U/cmr/m/n on input line 19.
LaTeX Font Info:    ... okay on input line 19.
LaTeX Font Info:    Checking defaults for PD1/pdf/m/n on input line 19.
LaTeX Font Info:    ... okay on input line 19.
LaTeX Font Info:    Checking defaults for TS1/cmr/m/n on input line 19.
LaTeX Font Info:    Try loading font information for TS1+cmr on input line 19.
(/usr/share/texlive/texmf-dist/tex/latex/base/ts1cmr.fd
File: ts1cmr.fd 2014/09/29 v2.5h Standard LaTeX font definitions
)
LaTeX Font Info:    ... okay on input line 19.

*geometry* driver: auto-detecting
*geometry* detected driver: pdftex
*geometry* verbose mode - [ preamble ] result:
* driver: pdftex
* paper: custom
* layout: <same size as paper>
* layoutoffset:(h,v)=(0.0pt,0.0pt)
* modes: includehead includefoot 
* h-part:(L,W,R)=(28.45274pt, 398.3386pt, 28.45274pt)
* v-part:(T,H,B)=(0.0pt, 256.0748pt, 0.0pt)
* \paperwidth=455.24408pt
* \paperheight=256.0748pt
* \textwidth=398.3386pt
* \textheight=227.62207pt
* \oddsidemargin=-43.81725pt
* \evensidemargin=-43.81725pt
* \topmargin=-72.26999pt
* \headheight=14.22636pt
* \headsep=0.0pt
* \topskip=11.0pt
* \footskip=14.22636pt
* \marginparwidth=4.0pt
* \marginparsep=10.0pt
* \columnsep=10.0pt
* \skip\footins=10.0pt plus 4.0pt minus 2.0pt
* \hoffset=0.0pt
* \voffset=0.0pt
* \mag=1000
* \@twocolumnfalse
* \@twosidefalse
* \@mparswitchfalse
* \@reversemarginfalse
* (1in=72.27pt=25.4mm, 1cm=28.453pt)

(/usr/share/texlive/texmf-dist/tex/context/base/mkii/supp-pdf.mkii
[Loading MPS to PDF converter (version 2006.09.02).]
\scratchcounter=\count341
\scratchdimen=\dimen302
\scratchbox=\box100
\nofMPsegments=\count342
\nofMParguments=\count343
\everyMPshowfont=\toks52
\MPscratchCnt=\count344
\MPscratchDim=\dimen303
\MPnumerator=\count345
\makeMPintoPDFobject=\count346
\everyMPtoPDFconversion=\toks53
) (/usr/share/texlive/texmf-dist/tex/latex/oberdiek/epstopdf-base.sty
Package: epstopdf-base 2016/05/15 v2.6 Base part for package epstopdf

(/usr/share/texlive/texmf-dist/tex/latex/oberdiek/grfext.sty
Package: grfext 2016/05/16 v1.2 Manage graphics extensions (HO)
)
Package epstopdf-base Info: Redefining graphics rule for `.eps' on input line 43
8.
Package grfext Info: Graphics extension search list:
(grfext)             [.pdf,.png,.jpg,.mps,.jpeg,.jbig2,.jb2,.PDF,.PNG,.JPG,.JPEG
,.JBIG2,.JB2,.eps]
(grfext)             \AppendGraphicsExtensions on input line 456.

(/usr/share/texlive/texmf-dist/tex/latex/latexconfig/epstopdf-sys.cfg
File: epstopdf-sys.cfg 2010/07/13 v1.3 Configuration of (r)epstopdf for TeX Live

))
ABD: EveryShipout initializing macros
\AtBeginShipoutBox=\box101
Package hyperref Info: Link coloring OFF on input line 19.

(/usr/share/texlive/texmf-dist/tex/latex/hyperref/nameref.sty
Package: nameref 2016/05/21 v2.44 Cross-referencing by name of section

(/usr/share/texlive/texmf-dist/tex/generic/oberdiek/gettitlestring.sty
Package: gettitlestring 2016/05/16 v1.5 Cleanup title references (HO)
)
\c@section@level=\count347
)
LaTeX Info: Redefining \ref on input line 19.
LaTeX Info: Redefining \pageref on input line 19.
LaTeX Info: Redefining \nameref on input line 19.
\@outlinefile=\write5

\openout5 = presentation.out
LaTeX Font Info:    Overwriting symbol font `operators' in version `normal'
(Font)                  OT1/cmr/m/n --> OT1/cmss/m/n on input line 19.
LaTeX Font Info:    Overwriting symbol font `operators' in version `bold'
(Font)                  OT1/cmr/bx/n --> OT1/cmss/bx/n on input line 19.
\symnumbers=\mathgroup6
\sympureletters=\mathgroup7
LaTeX Font Info:    Overwriting math alphabet `\mathrm' in version `normal'
(Font)                  OT1/cmss/m/n --> TU/lmr/m/n on input line 19.
LaTeX Font Info:    Redeclaring math alphabet \mathbf on input line 19.
LaTeX Font Info:    Overwriting math alphabet `\mathbf' in version `normal'
(Font)                  OT1/cmr/bx/n --> TU/FiraSansLight(0)/bx/n on input line 
19.
LaTeX Font Info:    Overwriting math alphabet `\mathbf' in version `bold'
(Font)                  OT1/cmr/bx/n --> TU/FiraSansLight(0)/bx/n on input line 
19.
LaTeX Font Info:    Redeclaring math alphabet \mathsf on input line 19.
LaTeX Font Info:    Overwriting math alphabet `\mathsf' in version `normal'
(Font)                  OT1/cmss/m/n --> TU/FiraSansLight(0)/m/n on input line 1
9.
LaTeX Font Info:    Overwriting math alphabet `\mathsf' in version `bold'
(Font)                  OT1/cmss/bx/n --> TU/FiraSansLight(0)/m/n on input line 
19.
LaTeX Font Info:    Redeclaring math alphabet \mathit on input line 19.
LaTeX Font Info:    Overwriting math alphabet `\mathit' in version `normal'
(Font)                  OT1/cmr/m/it --> TU/FiraSansLight(0)/m/it on input line 
19.
LaTeX Font Info:    Overwriting math alphabet `\mathit' in version `bold'
(Font)                  OT1/cmr/bx/it --> TU/FiraSansLight(0)/m/it on input line
 19.
LaTeX Font Info:    Redeclaring math alphabet \mathtt on input line 19.
LaTeX Font Info:    Overwriting math alphabet `\mathtt' in version `normal'
(Font)                  OT1/cmtt/m/n --> TU/FiraMono(0)/m/n on input line 19.
LaTeX Font Info:    Overwriting math alphabet `\mathtt' in version `bold'
(Font)                  OT1/cmtt/m/n --> TU/FiraMono(0)/m/n on input line 19.
LaTeX Font Info:    Overwriting symbol font `numbers' in version `bold'
(Font)                  TU/FiraSansLight(0)/m/n --> TU/FiraSansLight(0)/bx/n on 
input line 19.
LaTeX Font Info:    Overwriting symbol font `pureletters' in version `bold'
(Font)                  TU/FiraSansLight(0)/m/it --> TU/FiraSansLight(0)/bx/it o
n input line 19.
LaTeX Font Info:    Overwriting math alphabet `\mathrm' in version `bold'
(Font)                  OT1/cmss/bx/n --> TU/lmr/bx/n on input line 19.
LaTeX Font Info:    Overwriting math alphabet `\mathbf' in version `bold'
(Font)                  TU/FiraSansLight(0)/bx/n --> TU/FiraSansLight(0)/bx/n on
 input line 19.
LaTeX Font Info:    Overwriting math alphabet `\mathsf' in version `bold'
(Font)                  TU/FiraSansLight(0)/m/n --> TU/FiraSansLight(0)/bx/n on 
input line 19.
LaTeX Font Info:    Overwriting math alphabet `\mathit' in version `bold'
(Font)                  TU/FiraSansLight(0)/m/it --> TU/FiraSansLight(0)/bx/it o
n input line 19.
LaTeX Font Info:    Overwriting math alphabet `\mathtt' in version `bold'
(Font)                  TU/FiraMono(0)/m/n --> TU/FiraMono(0)/bx/n on input line
 19.

(/usr/share/texlive/texmf-dist/tex/latex/translator/translator-basic-dictionary
-English.dict
Dictionary: translator-basic-dictionary, Language: English 
)
(/usr/share/texlive/texmf-dist/tex/latex/translator/translator-bibliography-dic
tionary-English.dict
Dictionary: translator-bibliography-dictionary, Language: English 
)
(/usr/share/texlive/texmf-dist/tex/latex/translator/translator-environment-dict
ionary-English.dict
Dictionary: translator-environment-dictionary, Language: English 
)
(/usr/share/texlive/texmf-dist/tex/latex/translator/translator-months-dictionar
y-English.dict
Dictionary: translator-months-dictionary, Language: English 
)
(/usr/share/texlive/texmf-dist/tex/latex/translator/translator-numbers-dictiona
ry-English.dict
Dictionary: translator-numbers-dictionary, Language: English 
)
(/usr/share/texlive/texmf-dist/tex/latex/translator/translator-theorem-dictiona
ry-English.dict
Dictionary: translator-theorem-dictionary, Language: English 
)
.................................................
. fontspec info: "setup-math"
. 
. Adjusting the maths setup (use [no-math] to avoid this).
.................................................
\symlegacymaths=\mathgroup8
LaTeX Font Info:    Overwriting symbol font `legacymaths' in version `bold'
(Font)                  OT1/cmr/m/n --> OT1/cmr/bx/n on input line 19.
LaTeX Font Info:    Redeclaring math accent \acute on input line 19.
LaTeX Font Info:    Redeclaring math accent \grave on input line 19.
LaTeX Font Info:    Redeclaring math accent \ddot on input line 19.
LaTeX Font Info:    Redeclaring math accent \tilde on input line 19.
LaTeX Font Info:    Redeclaring math accent \bar on input line 19.
LaTeX Font Info:    Redeclaring math accent \breve on input line 19.
LaTeX Font Info:    Redeclaring math accent \check on input line 19.
LaTeX Font Info:    Redeclaring math accent \hat on input line 19.
LaTeX Font Info:    Redeclaring math accent \dot on input line 19.
LaTeX Font Info:    Redeclaring math accent \mathring on input line 19.
LaTeX Font Info:    Redeclaring math symbol \Gamma on input line 19.
LaTeX Font Info:    Redeclaring math symbol \Delta on input line 19.
LaTeX Font Info:    Redeclaring math symbol \Theta on input line 19.
LaTeX Font Info:    Redeclaring math symbol \Lambda on input line 19.
LaTeX Font Info:    Redeclaring math symbol \Xi on input line 19.
LaTeX Font Info:    Redeclaring math symbol \Pi on input line 19.
LaTeX Font Info:    Redeclaring math symbol \Sigma on input line 19.
LaTeX Font Info:    Redeclaring math symbol \Upsilon on input line 19.
LaTeX Font Info:    Redeclaring math symbol \Phi on input line 19.
LaTeX Font Info:    Redeclaring math symbol \Psi on input line 19.
LaTeX Font Info:    Redeclaring math symbol \Omega on input line 19.
LaTeX Font Info:    Redeclaring math symbol \mathdollar on input line 19.
LaTeX Font Info:    Redeclaring symbol font `operators' on input line 19.
LaTeX Font Info:    Encoding `OT1' has changed to `TU' for symbol font
(Font)              `operators' in the math version `normal' on input line 19.
LaTeX Font Info:    Overwriting symbol font `operators' in version `normal'
(Font)                  OT1/cmss/m/n --> TU/lmr/m/n on input line 19.
LaTeX Font Info:    Encoding `OT1' has changed to `TU' for symbol font
(Font)              `operators' in the math version `bold' on input line 19.
LaTeX Font Info:    Overwriting symbol font `operators' in version `bold'
(Font)                  OT1/cmss/bx/n --> TU/lmr/m/n on input line 19.
LaTeX Font Info:    Overwriting symbol font `operators' in version `normal'
(Font)                  TU/lmr/m/n --> TU/lmr/m/n on input line 19.
LaTeX Font Info:    Redeclaring math alphabet \mathrm on input line 19.
LaTeX Font Info:    Overwriting math alphabet `\mathit' in version `normal'
(Font)                  TU/FiraSansLight(0)/m/it --> TU/lmr/m/it on input line 1
9.
LaTeX Font Info:    Overwriting math alphabet `\mathbf' in version `normal'
(Font)                  TU/FiraSansLight(0)/bx/n --> TU/lmr/bx/n on input line 1
9.
LaTeX Font Info:    Overwriting math alphabet `\mathsf' in version `normal'
(Font)                  TU/FiraSansLight(0)/m/n --> TU/FiraSansLight(0)/m/n on i
nput line 19.
LaTeX Font Info:    Overwriting math alphabet `\mathtt' in version `normal'
(Font)                  TU/FiraMono(0)/m/n --> TU/FiraMono(0)/m/n on input line 
19.
LaTeX Font Info:    Overwriting symbol font `operators' in version `bold'
(Font)                  TU/lmr/m/n --> TU/lmr/bx/n on input line 19.
LaTeX Font Info:    Overwriting math alphabet `\mathit' in version `bold'
(Font)                  TU/FiraSansLight(0)/bx/it --> TU/lmr/bx/it on input line
 19.
LaTeX Font Info:    Overwriting math alphabet `\mathsf' in version `bold'
(Font)                  TU/FiraSansLight(0)/bx/n --> TU/FiraSansLight(0)/bx/n on
 input line 19.
LaTeX Font Info:    Overwriting math alphabet `\mathtt' in version `bold'
(Font)                  TU/FiraMono(0)/bx/n --> TU/FiraMono(0)/bx/n on input lin
e 19.

No file presentation.nav.

Overfull \vbox (42.60594pt too high) detected at line 23
 []

[1

{/var/lib/texmf/fonts/map/pdftex/updmap/pdftex.map}]
No file presentation.toc.
No file presentation.toc.
[2

](load luc: /home/suhas/.texlive2017/texmf-var/luatex-cache/generic/fonts/otl/lm
roman8-regular.luc)(load luc: /home/suhas/.texlive2017/texmf-var/luatex-cache/ge
neric/fonts/otl/lmroman6-regular.luc)
LaTeX Font Info:    Try loading font information for U+msa on input line 36.

(/usr/share/texlive/texmf-dist/tex/latex/amsfonts/umsa.fd
File: umsa.fd 2013/01/14 v3.01 AMS symbols A
)
LaTeX Font Info:    Try loading font information for U+msb on input line 36.

(/usr/share/texlive/texmf-dist/tex/latex/amsfonts/umsb.fd
File: umsb.fd 2013/01/14 v3.01 AMS symbols B
) [3

] [4

] [5

]
\tf@nav=\write6

\openout6 = presentation.nav
\tf@toc=\write7

\openout7 = presentation.toc
\tf@snm=\write8

\openout8 = presentation.snm
Package atveryend Info: Empty hook `BeforeClearDocument' on input line 60.
Package atveryend Info: Empty hook `AfterLastShipout' on input line 60.

(./presentation.aux)
Package atveryend Info: Executing hook `AtVeryEndDocument' on input line 60.
Package atveryend Info: Executing hook `AtEndAfterFileList' on input line 60.


Package rerunfilecheck Warning: File `presentation.out' has changed.
(rerunfilecheck)                Rerun to get outlines right
(rerunfilecheck)                or use package `bookmark'.

Package rerunfilecheck Info: Checksums for `presentation.out':
(rerunfilecheck)             Before: <no file>
(rerunfilecheck)             After:  04F4622FA5C236B85DF81C73DFF9CBCC;685.
)

Here is how much of LuaTeX's memory you used:
 32405 strings out of 494480
 100000,953878 words of node,token memory allocated
 1716 words of node memory still in use:
   20 hlist, 7 vlist, 4 rule, 3 local_par, 2 math, 47 glue, 2 kern, 12 penalty, 
5 glyph, 86 attribute, 74 glue_spec, 86 attribute_list, 15 write, 28 pdf_literal
, 1 pdf_start_link, 1 pdf_end_link, 3 pdf_dest, 1 pdf_action, 14 pdf_colorstack 
nodes
   avail lists: 1:3,2:230,3:101,4:80,5:96,6:211,7:146,8:13,9:92,10:2,11:14
 34743 multiletter control sequences out of 65536+600000
 94 fonts using 27253735 bytes
 71i,13n,96p,1854b,741s stack positions out of 5000i,500n,10000p,200000b,100000s
</usr/share/texlive/texmf-dist/fonts/opentype/public/fira/FiraSans-Light.otf></u
sr/share/texlive/texmf-dist/fonts/opentype/public/fira/FiraSans-Regular.otf>
Output written on presentation.pdf (5 pages, 10951 bytes).

PDF statistics: 73 PDF objects out of 1000 (max. 8388607)
 53 compressed objects within 1 object stream
 21 named destinations out of 1000 (max. 131072)
 16 words of extra memory for PDF output out of 10000 (max. 100000000)

